============================= test session starts ==============================
platform darwin -- Python 3.14.6, pytest-8.3.4, pluggy-1.6.0
rootdir: /Users/kwalitec/Developer/kwalitec
configfile: pyproject.toml
collected 157 items

tests/presentation/student/test_px007_founder_certification.py ......... [  5%]
...                                                                      [  7%]
tests/presentation/student/test_px006_phase4_performance_moments.py .... [ 10%]
...................                                                      [ 22%]
tests/presentation/student/test_px005_phase3_microcopy_reliability.py .. [ 23%]
.............                                                            [ 31%]
tests/presentation/student/test_px004_phase2_home_mobile_a11y.py ....... [ 36%]
...........                                                              [ 43%]
tests/application/educational_packages/test_px003_phase1_trust_revision.py . [ 43%]
.........                                                                [ 49%]
tests/presentation/session/test_px003_session_workflow.py ....           [ 52%]
tests/presentation/student/test_accessibility.py ....................... [ 66%]
......                                                                   [ 70%]
tests/presentation/session/test_accessibility.py ...........             [ 77%]
tests/test_rc001_contrast.py ......                                      [ 81%]
tests/ga/test_failure_modes.py ...........                               [ 88%]
tests/test_dx006b_student_home.py ..........                             [ 94%]
tests/test_alpha_001_infrastructure.py ........                          [100%]

=============================== warnings summary ===============================
tests/presentation/student/test_px004_phase2_home_mobile_a11y.py: 5 warnings
tests/presentation/student/test_accessibility.py: 13 warnings
  /Users/kwalitec/Developer/kwalitec/app/application/student_experience/recommendation_commitment.py:595: DeprecationWarning: datetime.datetime.utcnow() is deprecated and scheduled for removal in a future version. Use timezone-aware objects to represent datetimes in UTC: datetime.datetime.now(datetime.UTC).
    since = datetime.utcnow() - timedelta(days=max(1, within_days))

tests/presentation/student/test_px004_phase2_home_mobile_a11y.py: 8 warnings
tests/presentation/student/test_accessibility.py: 16 warnings
tests/ga/test_failure_modes.py: 309 warnings
  /Users/kwalitec/Developer/kwalitec/.venv/lib/python3.14/site-packages/sqlalchemy/sql/schema.py:3623: DeprecationWarning: datetime.datetime.utcnow() is deprecated and scheduled for removal in a future version. Use timezone-aware objects to represent datetimes in UTC: datetime.datetime.now(datetime.UTC).
    return util.wrap_callable(lambda ctx: fn(), fn)  # type: ignore

-- Docs: https://docs.pytest.org/en/stable/how-to/capture-warnings.html
====================== 157 passed, 351 warnings in 10.96s ======================
