============================= test session starts ==============================
platform darwin -- Python 3.14.6, pytest-8.3.4, pluggy-1.6.0
rootdir: /Users/kwalitec/Developer/kwalitec
configfile: pyproject.toml
collected 72 items

tests/presentation/student/test_px004_phase2_home_mobile_a11y.py ....... [  9%]
...........                                                              [ 25%]
tests/presentation/student/test_px005_phase3_microcopy_reliability.py .. [ 27%]
.............                                                            [ 45%]
tests/presentation/student/test_px006_phase4_performance_moments.py .... [ 51%]
...................                                                      [ 77%]
tests/presentation/student/test_px007_founder_certification.py ......... [ 90%]
...                                                                      [ 94%]
tests/presentation/session/test_px003_session_workflow.py ....           [100%]

=============================== warnings summary ===============================
tests/presentation/student/test_px004_phase2_home_mobile_a11y.py::TestHomeComposition::test_home_marks_composition_and_density
tests/presentation/student/test_px004_phase2_home_mobile_a11y.py::TestMobileNav::test_canonical_drawer_pattern_marked
tests/presentation/student/test_px004_phase2_home_mobile_a11y.py::TestAccessibilityFoundation::test_keyboard_primary_path_markers
tests/presentation/student/test_px004_phase2_home_mobile_a11y.py::TestAccessibilityFoundation::test_automated_a11y_static_contracts
tests/presentation/student/test_px004_phase2_home_mobile_a11y.py::TestAccessibilityFoundation::test_automated_a11y_static_contracts
  /Users/kwalitec/Developer/kwalitec/app/application/student_experience/recommendation_commitment.py:595: DeprecationWarning: datetime.datetime.utcnow() is deprecated and scheduled for removal in a future version. Use timezone-aware objects to represent datetimes in UTC: datetime.datetime.now(datetime.UTC).
    since = datetime.utcnow() - timedelta(days=max(1, within_days))

tests/presentation/student/test_px004_phase2_home_mobile_a11y.py::TestHomeComposition::test_home_marks_composition_and_density
tests/presentation/student/test_px004_phase2_home_mobile_a11y.py::TestHomeComposition::test_home_marks_composition_and_density
tests/presentation/student/test_px004_phase2_home_mobile_a11y.py::TestMobileNav::test_canonical_drawer_pattern_marked
tests/presentation/student/test_px004_phase2_home_mobile_a11y.py::TestMobileNav::test_canonical_drawer_pattern_marked
tests/presentation/student/test_px004_phase2_home_mobile_a11y.py::TestAccessibilityFoundation::test_keyboard_primary_path_markers
tests/presentation/student/test_px004_phase2_home_mobile_a11y.py::TestAccessibilityFoundation::test_keyboard_primary_path_markers
tests/presentation/student/test_px004_phase2_home_mobile_a11y.py::TestAccessibilityFoundation::test_automated_a11y_static_contracts
tests/presentation/student/test_px004_phase2_home_mobile_a11y.py::TestAccessibilityFoundation::test_automated_a11y_static_contracts
  /Users/kwalitec/Developer/kwalitec/.venv/lib/python3.14/site-packages/sqlalchemy/sql/schema.py:3623: DeprecationWarning: datetime.datetime.utcnow() is deprecated and scheduled for removal in a future version. Use timezone-aware objects to represent datetimes in UTC: datetime.datetime.now(datetime.UTC).
    return util.wrap_callable(lambda ctx: fn(), fn)  # type: ignore

-- Docs: https://docs.pytest.org/en/stable/how-to/capture-warnings.html
======================= 72 passed, 13 warnings in 2.67s ========================
