============================= test session starts ==============================
platform darwin -- Python 3.14.6, pytest-8.3.4, pluggy-1.6.0 -- /Users/kwalitec/Developer/kwalitec/.venv/bin/python
cachedir: .pytest_cache
rootdir: /Users/kwalitec/Developer/kwalitec
configfile: pyproject.toml
collecting ... collected 3 items

tests/presentation/session/test_routes.py::test_finish_returns_home FAILED [ 33%]
tests/test_alpha_001_infrastructure.py::TestAlphaOnboarding::test_onboarding_page_explains_core_concepts FAILED [ 66%]
tests/test_alpha_001_infrastructure.py::TestPresentationTelemetry::test_allowed_events_match_alpha_contract FAILED [100%]

=================================== FAILURES ===================================
___________________________ test_finish_returns_home ___________________________
tests/presentation/session/test_routes.py:144: in test_finish_returns_home
    assert "/student" in response.headers.get("Location", "")
E   assert '/student' in '/session/sess-1/summary'
E    +  where '/session/sess-1/summary' = get('Location', '')
E    +    where get = Headers([('Content-Type', 'text/html; charset=utf-8'), ('Content-Length', '233'), ('Location', '/session/sess-1/summary'), ('X-Content-Type-Options', 'nosniff'), ('X-Frame-Options', 'DENY'), ('X-XSS-Protection', '0'), ('Referrer-Policy', 'strict-origin-when-cross-origin'), ('Permissions-Policy', 'accelerometer=(), camera=(), geolocation=(), gyroscope=(), magnetometer=(), microphone=(), payment=(), usb=()'), ('Content-Security-Policy', "default-src 'self'; script-src 'self' 'unsafe-inline' https://cdn.jsdelivr.net; style-src 'self' 'unsafe-inline' https://cdn.jsdelivr.net; img-src 'self' data:; font-src 'self' https://cdn.jsdelivr.net; connect-src 'self'"), ('Cache-Control', 'no-store'), ('X-Correlation-ID', '0101a047fee34c35b99d3cbf11f37e7e'), ('X-Request-ID', '0101a047fee34c35b99d3cbf11f37e7e'), ('Vary', 'Cookie'), ('Set-Cookie', 'session=.eJwlT8tqwzAQ_BWhswmrt-WPKDn0Ukowq9UqNjU2SA4lhPx7BT0NM8zOzL7kXDZsCzc5fb-kODvIX6z7ut_lIK8bY2NBy3F0-OI2iCvWc8Vtew7iqOLjEInLUVmUdV_b0s8u4rM-Bd5x3S_y9r4NvaJyW-R01gd3tmY5ST_qYlRhDx4semsVhELRMBtlVQ5AYFK0lAMBRh0hYDd7MwZMYy5cLCGAMSqz80FHHE0GnbNGG7vZWAdWUwIVIRlP1pmerqhA0OwSlf7c_Ghc_9eoTqnVMp_HD-9dAKfYqaxzn6aVHmOvsWPhGI1NicBFIKRI8v0HW_RgUg.anI2NQ.ZMmBs65oYlWJgUhpXHJKQZdKBeY; HttpOnly; Path=/; SameSite=Lax')]).get
E    +      where Headers([('Content-Type', 'text/html; charset=utf-8'), ('Content-Length', '233'), ('Location', '/session/sess-1/summary'), ('X-Content-Type-Options', 'nosniff'), ('X-Frame-Options', 'DENY'), ('X-XSS-Protection', '0'), ('Referrer-Policy', 'strict-origin-when-cross-origin'), ('Permissions-Policy', 'accelerometer=(), camera=(), geolocation=(), gyroscope=(), magnetometer=(), microphone=(), payment=(), usb=()'), ('Content-Security-Policy', "default-src 'self'; script-src 'self' 'unsafe-inline' https://cdn.jsdelivr.net; style-src 'self' 'unsafe-inline' https://cdn.jsdelivr.net; img-src 'self' data:; font-src 'self' https://cdn.jsdelivr.net; connect-src 'self'"), ('Cache-Control', 'no-store'), ('X-Correlation-ID', '0101a047fee34c35b99d3cbf11f37e7e'), ('X-Request-ID', '0101a047fee34c35b99d3cbf11f37e7e'), ('Vary', 'Cookie'), ('Set-Cookie', 'session=.eJwlT8tqwzAQ_BWhswmrt-WPKDn0Ukowq9UqNjU2SA4lhPx7BT0NM8zOzL7kXDZsCzc5fb-kODvIX6z7ut_lIK8bY2NBy3F0-OI2iCvWc8Vtew7iqOLjEInLUVmUdV_b0s8u4rM-Bd5x3S_y9r4NvaJyW-R01gd3tmY5ST_qYlRhDx4semsVhELRMBtlVQ5AYFK0lAMBRh0hYDd7MwZMYy5cLCGAMSqz80FHHE0GnbNGG7vZWAdWUwIVIRlP1pmerqhA0OwSlf7c_Ghc_9eoTqnVMp_HD-9dAKfYqaxzn6aVHmOvsWPhGI1NicBFIKRI8v0HW_RgUg.anI2NQ.ZMmBs65oYlWJgUhpXHJKQZdKBeY; HttpOnly; Path=/; SameSite=Lax')]) = <WrapperTestResponse streamed [302 FOUND]>.headers
---------------------------- Captured stderr setup -----------------------------
2026-08-04 20:57:55,926 [INFO] app: Kwalitec logging configured at level INFO
2026-08-04 20:57:55,926 [WARNING] app: SECRET_KEY is using the default value. Set a strong key for production use.
2026-08-04 20:57:55,926 [INFO] app: Environment: APP_ENV=testing, FLASK_ENV=development, config=TestingConfig
2026-08-04 20:57:55,926 [INFO] app: Using local SQLite database (DATABASE_URL is not set)
2026-08-04 20:57:55,926 [INFO] app: SQLAlchemy database driver prefix: sqlite://
2026-08-04 20:57:56,928 [INFO] alembic.runtime.migration: Context impl SQLiteImpl.
2026-08-04 20:57:56,928 [INFO] alembic.runtime.migration: Will assume non-transactional DDL.
2026-08-04 20:57:56,928 [WARNING] app: Alembic: no revision recorded in database (alembic_version table empty or missing). Migrations have NOT been applied.
2026-08-04 20:57:56,928 [INFO] app: Alembic: head script revision = 202607310002
2026-08-04 20:57:56,928 [WARNING] app: Alembic: database is BEHIND head (db=None, head=202607310002). Migrations need to be applied.
2026-08-04 20:57:56,929 [INFO] app.services.startup_service: Startup initialization beginning...
2026-08-04 20:57:56,929 [INFO] app.services.startup_service: Startup initialization complete.
2026-08-04 20:57:56,929 [INFO] app: Kwalitec application created successfully
2026-08-04 20:57:57,526 [INFO] kwalitec.observability: http_request method=POST path=/auth/login status=302 duration_ms=115.8 correlation_id=fe233f03881240b2ab8e277f4bdf9f2a
2026-08-04 20:57:57,675 [INFO] kwalitec.observability: http_request method=GET path=/study-plan/wizard/1 status=200 duration_ms=147.8 correlation_id=34d65bafcc43427ab3fe77a4d04b3a42
----------------------------- Captured stderr call -----------------------------
2026-08-04 20:57:57,677 [INFO] kwalitec.observability: http_request method=POST path=/session/sess-1/complete status=302 duration_ms=0.3 correlation_id=0101a047fee34c35b99d3cbf11f37e7e
------------------------------ Captured log call -------------------------------
INFO     kwalitec.observability:http_observability.py:52 http_request method=POST path=/session/sess-1/complete status=302 duration_ms=0.3 correlation_id=0101a047fee34c35b99d3cbf11f37e7e
_______ TestAlphaOnboarding.test_onboarding_page_explains_core_concepts ________
tests/test_alpha_001_infrastructure.py:70: in test_onboarding_page_explains_core_concepts
    assert "Meet Study Sensei" in body
E   assert 'Meet Study Sensei' in '\n<!doctype html>\n<html lang="en">\n<head>\n    <meta charset="utf-8">\n    <meta name="viewport" content="width=device-width, initial-scale=1">\n    <meta name="description" content="Know exactly what to study next. · Exam-ready study guidance">\n    <meta name="csrf-token" content="IjMwNzY5MWM3ZWY0ZDE5OTIxNTRiYzlmZWU3YmU4N2JlZDg2OTIzMDIi.anI2NQ.ywUi5ESgMiUPFb9Lwy1CWbmVkB8">\n    <meta name="color-scheme" content="light dark">\n    <title>Welcome to Kwalitec · Kwalitec</title>\n    \n<link rel="icon" href="/static/branding/favicon.ico?v=2.0.0-beta.1-g1" sizes="any">\n<link rel="icon" type="image/svg+xml" href="/static/branding/favicon.svg?v=2.0.0-beta.1-g1">\n<link rel="icon" type="image/png" sizes="32x32" href="/static/branding/favicon-32.png?v=2.0.0-beta.1-g1">\n<link rel="icon" type="image/png" sizes="16x16" href="/static/branding/favicon-16.png?v=2.0.0-beta.1-g1">\n<link rel="apple-touch-icon" href="/static/branding/apple-touch-icon.png?v=2.0.0-beta.1-g1">\n<link rel="manifest" href="/static/branding/manifest.webmanifest?v=2.0.0-beta.1-g1">\n<link rel="canonical" href="http://localhost.localdomain/alpha/onboarding">\n<meta name="application-name" content="Kwalitec">\n<meta name="apple-mobile-web-app-title" content="Kwalitec">\n<meta name="theme-color" content="#0D1B2A">\n<meta property="og:site_name" content="Kwalitec">\n<meta property="og:title" content="Welcome to Kwalitec · Kwalitec">\n<meta property="og:description" content="Know exactly what to study next. · Exam-ready study guidance">\n<meta property="og:type" content="website">\n<meta property="og:url" content="http://localhost.localdomain/alpha/onboarding">\n<meta property="og:image" content="http://localhost.localdomain/static/branding/social-preview.png?v=2.0.0-beta.1-g1">\n<meta name="twitter:card" content="summary_large_image">\n<meta name="twitter:title" content="Welcome to Kwalitec · Kwalitec">\n<meta name="twitter:description" content="Know exactly what to study next. · Exam-ready study guidance">\n<meta name="twitter:image" content="http://localhost.localdomain/static/branding/social-preview.png?v=2.0.0-beta.1-g1">\n    <script src="/static/js/theme.js?v=2.0.0-beta.1-g1"></script>\n    <link rel="preconnect" href="https://cdn.jsdelivr.net" crossorigin>\n    <link href="/static/css/fonts.css?v=2.0.0-beta.1-g1" rel="stylesheet">\n    <link href="https://cdn.jsdelivr.net/npm/bootstrap@5.3.3/dist/css/bootstrap.min.css" rel="stylesheet">\n    <link href="/static/css/brand.css?v=2.0.0-beta.1-g1" rel="stylesheet">\n    <link href="/static/css/tokens.css?v=2.0.0-beta.1-g1" rel="stylesheet">\n    <link href="/static/css/student/student.css?v=2.0.0-beta.1-g1" rel="stylesheet">\n    \n    \n    <link href="/static/css/app.css?v=2.0.0-beta.1-g1" rel="stylesheet">\n    \n    \n</head>\n\n<body class="student-body" data-student-surface="alpha">\n    <a class="student-skip-link" href="#student-main">Skip to content</a>\n    <div class="student-shell">\n        <header class="student-topbar" role="banner">\n            <div class="student-topbar-inner">\n                <a class="student-brand" href="/student/" aria-label="Kwalitec home">\n                    \n                        \n\n\n\n<img\n    class="student-brand-logo brand-logo"\n    src="/static/assets/branding/approved-kwalitec-logo.png?v=2.0.0-beta.1-g1"\n    alt="Kwalitec"\n    width="1418"\n    height="372"\n    decoding="async"\n    loading="eager"\n>\n                    \n                </a>\n                <div class="student-topbar-nav">\n                    \n\n\n<nav\n  class="student-nav"\n  aria-label="Student experience"\n  data-student-nav\n  data-mobile-nav="drawer"\n  data-px004="mobile-nav"\n>\n    <button\n        type="button"\n        class="student-nav-toggle"\n        aria-expanded="false"\n        aria-controls="student-nav-list"\n        aria-haspopup="true"\n        data-student-nav-toggle\n    >\n        Menu\n    </button>\n    <ul class="student-nav-list" id="student-nav-list" role="list">\n        \n        <li class="student-nav-item">\n            <a\n                class="student-nav-link"\n                href="/student/"\n                \n            >Home</a>\n        </li>\n        \n        <li class="student-nav-item">\n            <a\n                class="student-nav-link"\n                href="/student/journey"\n                \n            >Syllabus</a>\n        </li>\n        \n        <li class="student-nav-item">\n            <a\n                class="student-nav-link"\n                href="/student/revision"\n                \n            >Revision</a>\n        </li>\n        \n        <li class="student-nav-item">\n            <a\n                class="student-nav-link"\n                href="/student/history"\n                \n            >History</a>\n        </li>\n        \n        <li class="student-nav-item">\n            <a\n                class="student-nav-link"\n                href="/student/profile"\n                \n            >Settings</a>\n        </li>\n        \n        <li class="student-nav-item">\n            <a\n                class="student-nav-link"\n                href="/study-plan/"\n                \n            >Choose Exam</a>\n        </li>\n        \n        <li class="student-nav-item">\n            <a\n                class="student-nav-link is-active"\n                href="/alpha/help"\n                aria-current="page"\n            >Help</a>\n        </li>\n        \n    </ul>\n</nav>\n\n                    \n                    \n\n<div class="appearance-switcher appearance-switcher--compact" role="group" aria-label="Appearance">\n    <button\n        type="button"\n        class="appearance-cycle icon-btn"\n        data-appearance-cycle\n        data-px006="icon-only"\n        aria-label="Appearance: System. Activate to switch."\n        title="Cycle appearance"\n    >\n        <span class="appearance-cycle__icon appearance-cycle__icon--light" data-appearance-cycle-icon="light" hidden><svg width="20" height="20" fill="none" stroke="currentColor" stroke-width="1.75" viewBox="0 0 24 24" class="" aria-hidden="true"><circle cx="12" cy="12" r="4"/><path d="M12 2v2M12 20v2M4.93 4.93l1.41 1.41M17.66 17.66l1.41 1.41M2 12h2M20 12h2M4.93 19.07l1.41-1.41M17.66 6.34l1.41-1.41"/></svg></span>\n        <span class="appearance-cycle__icon appearance-cycle__icon--dark" data-appearance-cycle-icon="dark" hidden><svg width="20" height="20" fill="none" stroke="currentColor" stroke-width="1.75" viewBox="0 0 24 24" class="" aria-hidden="true"><path d="M21 14.5A8.5 8.5 0 1 1 9.5 3 7 7 0 0 0 21 14.5z"/></svg></span>\n        <span class="appearance-cycle__icon appearance-cycle__icon--system" data-appearance-cycle-icon="system"><svg width="20" height="20" fill="none" stroke="currentColor" stroke-width="1.75" viewBox="0 0 24 24" class="" aria-hidden="true"><rect x="2" y="3" width="20" height="14" rx="2"/><path d="M8 21h8M12 17v4"/></svg></span>\n        <span class="appearance-cycle__label" data-appearance-cycle-label>System</span>\n    </button>\n</div>\n\n\n                    \n                    \n                    <form method="post" action="/auth/logout" class="student-signout-form">\n                        <input type="hidden" name="csrf_token" value="IjMwNzY5MWM3ZWY0ZDE5OTIxNTRiYzlmZWU3YmU4N2JlZDg2OTIzMDIi.anI2NQ.ywUi5ESgMiUPFb9Lwy1CWbmVkB8">\n                        <button class="student-nav-link student-signout" type="submit">Sign out</button>\n                    </form>\n                    \n                </div>\n            </div>\n        </header>\n\n        <main id="student-main" class="student-main student-main--workspace kw-motion-page" role="main" tabindex="-1">\n            \n\n    \n        <div class="flash-stack ds-flash-stack student-flash-stack mb-4" role="region" aria-label="Notifications" data-flash-stack>\n            \n                \n                <div class="ds-flash ds-flash--success student-success alert alert-success alert-dismissible fade show" role="status" data-student-state="success" data-flash>\n                    Welcome back to Kwalitec.\n                    <button type="button" class="btn-close" data-bs-dismiss="alert" data-flash-dismiss aria-label="Close"></button>\n                </div>\n                \n            \n        </div>\n    \n\n            \n            \n            \n<div class="student-nav-skeleton" data-px006="skeleton-nav" role="status" aria-busy="true" aria-label="Loading" hidden>\n    <span class="visually-hidden">Loading</span>\n    <div class="skeleton skeleton--bar" style="width: 40%; margin-bottom: 1rem;" aria-hidden="true"></div>\n    <div class="skeleton-stack" aria-hidden="true">\n        <span class="skeleton skeleton--text" style="width: 92%;"></span>\n        <span class="skeleton skeleton--text" style="width: 78%;"></span>\n        <span class="skeleton skeleton--text" style="width: 64%;"></span>\n    </div>\n</div>\n\n            \n\n<header class="student-page-header">\n    <p class="student-eyebrow">Private Beta</p>\n    <h1 class="student-page-title">Welcome to Kwalitec</h1>\n    <p class="student-page-description">\n        A short orientation — then choose your exam and begin learning.\n    </p>\n</header>\n\n<section class="alpha-onboarding student-panel student-panel--quiet" aria-label="Product onboarding">\n    <ol class="alpha-onboarding-steps list-unstyled mb-0">\n        \n        <li class="alpha-onboarding-step mb-4">\n            <p class="student-muted small mb-1">Step 1 of 4</p>\n            <h2 class="student-panel-title mb-2">What Kwalitec is</h2>\n            <p class="student-panel-body mb-0">Kwalitec helps you prepare for demanding exams with a clear Study Plan, focused daily study, and progress you can trust — built from verified curriculum and your recorded practice.</p>\n        </li>\n        \n        <li class="alpha-onboarding-step mb-4">\n            <p class="student-muted small mb-1">Step 2 of 4</p>\n            <h2 class="student-panel-title mb-2">Choose your exam</h2>\n            <p class="student-panel-body mb-0">Pick a Ready subject from the Subject Catalogue, enter your exam date and study availability, then begin learning. Coming Soon subjects are under preparation and cannot be selected yet.</p>\n        </li>\n        \n        <li class="alpha-onboarding-step mb-4">\n            <p class="student-muted small mb-1">Step 3 of 4</p>\n            <h2 class="student-panel-title mb-2">Today&#39;s Focus</h2>\n            <p class="student-panel-body mb-0">Each day, Home shows Today&#39;s Focus — what to study now and why. Start today&#39;s Session to practice, then see what changed and what comes next.</p>\n        </li>\n        \n        <li class="alpha-onboarding-step">\n            <p class="student-muted small mb-1">Step 4 of 4</p>\n            <h2 class="student-panel-title mb-2">Guidance you can understand</h2>\n            <p class="student-panel-body mb-0">Recommendations come from your syllabus structure, available time, and study history — not a black box. When you expand “why”, you see the reasons behind the guidance.</p>\n        </li>\n        \n    </ol>\n\n    <div class="d-flex flex-wrap gap-2 mt-4">\n        <form method="post" action="/alpha/onboarding/complete">\n            <input type="hidden" name="csrf_token" value="IjMwNzY5MWM3ZWY0ZDE5OTIxNTRiYzlmZWU3YmU4N2JlZDg2OTIzMDIi.anI2NQ.ywUi5ESgMiUPFb9Lwy1CWbmVkB8">\n            <button type="submit" class="btn student-btn-primary">Continue to Home</button>\n        </form>\n        <form method="post" action="/alpha/onboarding/skip">\n            <input type="hidden" name="csrf_token" value="IjMwNzY5MWM3ZWY0ZDE5OTIxNTRiYzlmZWU3YmU4N2JlZDg2OTIzMDIi.anI2NQ.ywUi5ESgMiUPFb9Lwy1CWbmVkB8">\n            <button type="submit" class="btn student-btn-secondary">Skip for now</button>\n        </form>\n        <a class="btn student-btn-secondary" href="/alpha/help">Help &amp; Support</a>\n    </div>\n</section>\n\n        </main>\n\n        <div class="student-visually-hidden" aria-live="polite" id="student-live-region"></div>\n\n        <footer class="student-footer" role="contentinfo">\n            <p class="student-footer-text">Study with focus.</p>\n            <div class="student-footer-meta" role="group" aria-label="Private beta">\n                <span class="student-footer-brand">Kwalitec v2.0.0-beta.1</span>\n                <span class="student-beta-badge" title="Private Beta · v2.0.0-beta.1">Private Beta</span>\n                <a class="student-footer-link" href="/alpha/help">Release notes</a>\n                <a class="student-footer-link" href="/alpha/feedback/beta">Report issue</a>\n                \n            </div>\n        </footer>\n    </div>\n\n    \n    \n<div\n  class="modal fade"\n  id="confirm-modal"\n  tabindex="-1"\n  role="dialog"\n  aria-modal="true"\n  aria-labelledby="confirm-modal-title"\n  aria-hidden="true"\n  data-px004="confirm-modal"\n>\n    <div class="modal-dialog" role="document">\n        <div class="modal-content">\n            <div class="modal-header">\n                <h2 class="modal-title h5" id="confirm-modal-title">Confirm</h2>\n                <button type="button" class="btn-close" data-bs-dismiss="modal" aria-label="Cancel"></button>\n            </div>\n            <div class="modal-body" id="confirm-modal-body"></div>\n            <div class="modal-footer">\n                <button type="button" class="btn btn-outline" data-bs-dismiss="modal">Cancel</button>\n                <button type="button" class="btn btn-primary" id="confirm-modal-confirm"></button>\n            </div>\n        </div>\n    </div>\n</div>\n<p\n  id="confirm-modal-fallback"\n  class="visually-hidden"\n  role="status"\n  aria-live="polite"\n  data-px004="confirm-fallback"\n  hidden\n></p>\n<noscript>\n  <p class="small text-muted" data-px004="confirm-noscript">\n    JavaScript is required to confirm destructive actions safely. If a confirm dialog does not appear, cancel and retry with scripts enabled.\n  </p>\n</noscript>\n    \n\n    <script src="https://cdn.jsdelivr.net/npm/bootstrap@5.3.3/dist/js/bootstrap.bundle.min.js" defer></script>\n    \n    <script src="/static/js/app.js?v=2.0.0-beta.1-g1" defer></script>\n    <script src="/static/js/confirm-modal.js?v=2.0.0-beta.1-g1" defer></script>\n    <script src="/static/js/student.js?v=2.0.0-beta.1-g1" defer></script>\n    \n</body>\n</html>'
----------------------------- Captured stderr call -----------------------------
2026-08-04 20:57:57,877 [INFO] kwalitec.observability: http_request method=POST path=/auth/login status=302 duration_ms=69.7 correlation_id=54cf64e950034f979bfd8199fe02838a
2026-08-04 20:57:57,883 [INFO] kwalitec.observability: http_request method=GET path=/alpha/onboarding status=200 duration_ms=5.0 correlation_id=9e71f240d2af495fab4eedfb1caa4ed4
------------------------------ Captured log call -------------------------------
INFO     kwalitec.observability:http_observability.py:52 http_request method=POST path=/auth/login status=302 duration_ms=69.7 correlation_id=54cf64e950034f979bfd8199fe02838a
INFO     kwalitec.observability:http_observability.py:52 http_request method=GET path=/alpha/onboarding status=200 duration_ms=5.0 correlation_id=9e71f240d2af495fab4eedfb1caa4ed4
______ TestPresentationTelemetry.test_allowed_events_match_alpha_contract ______
tests/test_alpha_001_infrastructure.py:167: in test_allowed_events_match_alpha_contract
    assert ALLOWED_EVENTS == expected
E   AssertionError: assert frozenset({'tutor_question', 'workspace_opened', 'mission_started', 'learning_episode_abandoned', 'learning_episode_started', 'knowledge_map_opened', 'feedback_submitted', 'journey_opened', 'learning_journey_opened', 'reflection_completed', 'learning_episode_completed', 'tutor_opened', 'dashboard_opened', 'episode_completed', 'coach_opened', 'mission_completed', 'provenance_expanded', 'forecast_viewed', 'episode_reflection_completed', 'workspace_interaction', 'episode_abandoned', 'tomorrow_preview_opened', 'readiness_opened', 'start_early_used', 'start_tomorrow_used', 'insight_useful', 'episode_started'}) == {'mission_completed', 'provenance_expanded', 'mission_started', 'readiness_opened', 'feedback_submitted', 'journey_opened', 'reflection_completed', 'dashboard_opened', 'coach_opened'}
E     
E     Extra items in the left set:
E     'tutor_question'
E     'forecast_viewed'
E     'learning_episode_abandoned'
E     'workspace_opened'
E     'episode_reflection_completed'
E     'workspace_interaction'
E     'episode_abandoned'
E     'tomorrow_preview_opened'
E     'learning_episode_started'
E     'knowledge_map_opened'
E     'learning_journey_opened'
E     'start_early_used'
E     'start_tomorrow_used'
E     'learning_episode_completed'
E     'insight_useful'
E     'tutor_opened'
E     'episode_completed'
E     'episode_started'
E     
E     Full diff:
E     - {
E     + frozenset({
E           'coach_opened',
E           'dashboard_opened',
E     +     'episode_abandoned',
E     +     'episode_completed',
E     +     'episode_reflection_completed',
E     +     'episode_started',
E           'feedback_submitted',
E     +     'forecast_viewed',
E     +     'insight_useful',
E           'journey_opened',
E     +     'knowledge_map_opened',
E     +     'learning_episode_abandoned',
E     +     'learning_episode_completed',
E     +     'learning_episode_started',
E     +     'learning_journey_opened',
E           'mission_completed',
E           'mission_started',
E           'provenance_expanded',
E           'readiness_opened',
E           'reflection_completed',
E     - }
E     +     'start_early_used',
E     +     'start_tomorrow_used',
E     +     'tomorrow_preview_opened',
E     +     'tutor_opened',
E     +     'tutor_question',
E     +     'workspace_interaction',
E     +     'workspace_opened',
E     + })
=========================== short test summary info ============================
FAILED tests/presentation/session/test_routes.py::test_finish_returns_home - assert '/student' in '/session/sess-1/summary'
 +  where '/session/sess-1/summary' = get('Location', '')
 +    where get = Headers([('Content-Type', 'text/html; charset=utf-8'), ('Content-Length', '233'), ('Location', '/session/sess-1/summary'), ('X-Content-Type-Options', 'nosniff'), ('X-Frame-Options', 'DENY'), ('X-XSS-Protection', '0'), ('Referrer-Policy', 'strict-origin-when-cross-origin'), ('Permissions-Policy', 'accelerometer=(), camera=(), geolocation=(), gyroscope=(), magnetometer=(), microphone=(), payment=(), usb=()'), ('Content-Security-Policy', "default-src 'self'; script-src 'self' 'unsafe-inline' https://cdn.jsdelivr.net; style-src 'self' 'unsafe-inline' https://cdn.jsdelivr.net; img-src 'self' data:; font-src 'self' https://cdn.jsdelivr.net; connect-src 'self'"), ('Cache-Control', 'no-store'), ('X-Correlation-ID', '0101a047fee34c35b99d3cbf11f37e7e'), ('X-Request-ID', '0101a047fee34c35b99d3cbf11f37e7e'), ('Vary', 'Cookie'), ('Set-Cookie', 'session=.eJwlT8tqwzAQ_BWhswmrt-WPKDn0Ukowq9UqNjU2SA4lhPx7BT0NM8zOzL7kXDZsCzc5fb-kODvIX6z7ut_lIK8bY2NBy3F0-OI2iCvWc8Vtew7iqOLjEInLUVmUdV_b0s8u4rM-Bd5x3S_y9r4NvaJyW-R01gd3tmY5ST_qYlRhDx4semsVhELRMBtlVQ5AYFK0lAMBRh0hYDd7MwZMYy5cLCGAMSqz80FHHE0GnbNGG7vZWAdWUwIVIRlP1pmerqhA0OwSlf7c_Ghc_9eoTqnVMp_HD-9dAKfYqaxzn6aVHmOvsWPhGI1NicBFIKRI8v0HW_RgUg.anI2NQ.ZMmBs65oYlWJgUhpXHJKQZdKBeY; HttpOnly; Path=/; SameSite=Lax')]).get
 +      where Headers([('Content-Type', 'text/html; charset=utf-8'), ('Content-Length', '233'), ('Location', '/session/sess-1/summary'), ('X-Content-Type-Options', 'nosniff'), ('X-Frame-Options', 'DENY'), ('X-XSS-Protection', '0'), ('Referrer-Policy', 'strict-origin-when-cross-origin'), ('Permissions-Policy', 'accelerometer=(), camera=(), geolocation=(), gyroscope=(), magnetometer=(), microphone=(), payment=(), usb=()'), ('Content-Security-Policy', "default-src 'self'; script-src 'self' 'unsafe-inline' https://cdn.jsdelivr.net; style-src 'self' 'unsafe-inline' https://cdn.jsdelivr.net; img-src 'self' data:; font-src 'self' https://cdn.jsdelivr.net; connect-src 'self'"), ('Cache-Control', 'no-store'), ('X-Correlation-ID', '0101a047fee34c35b99d3cbf11f37e7e'), ('X-Request-ID', '0101a047fee34c35b99d3cbf11f37e7e'), ('Vary', 'Cookie'), ('Set-Cookie', 'session=.eJwlT8tqwzAQ_BWhswmrt-WPKDn0Ukowq9UqNjU2SA4lhPx7BT0NM8zOzL7kXDZsCzc5fb-kODvIX6z7ut_lIK8bY2NBy3F0-OI2iCvWc8Vtew7iqOLjEInLUVmUdV_b0s8u4rM-Bd5x3S_y9r4NvaJyW-R01gd3tmY5ST_qYlRhDx4semsVhELRMBtlVQ5AYFK0lAMBRh0hYDd7MwZMYy5cLCGAMSqz80FHHE0GnbNGG7vZWAdWUwIVIRlP1pmerqhA0OwSlf7c_Ghc_9eoTqnVMp_HD-9dAKfYqaxzn6aVHmOvsWPhGI1NicBFIKRI8v0HW_RgUg.anI2NQ.ZMmBs65oYlWJgUhpXHJKQZdKBeY; HttpOnly; Path=/; SameSite=Lax')]) = <WrapperTestResponse streamed [302 FOUND]>.headers
FAILED tests/test_alpha_001_infrastructure.py::TestAlphaOnboarding::test_onboarding_page_explains_core_concepts - assert 'Meet Study Sensei' in '\n<!doctype html>\n<html lang="en">\n<head>\n    <meta charset="utf-8">\n    <meta name="viewport" content="width=device-width, initial-scale=1">\n    <meta name="description" content="Know exactly what to study next. · Exam-ready study guidance">\n    <meta name="csrf-token" content="IjMwNzY5MWM3ZWY0ZDE5OTIxNTRiYzlmZWU3YmU4N2JlZDg2OTIzMDIi.anI2NQ.ywUi5ESgMiUPFb9Lwy1CWbmVkB8">\n    <meta name="color-scheme" content="light dark">\n    <title>Welcome to Kwalitec · Kwalitec</title>\n    \n<link rel="icon" href="/static/branding/favicon.ico?v=2.0.0-beta.1-g1" sizes="any">\n<link rel="icon" type="image/svg+xml" href="/static/branding/favicon.svg?v=2.0.0-beta.1-g1">\n<link rel="icon" type="image/png" sizes="32x32" href="/static/branding/favicon-32.png?v=2.0.0-beta.1-g1">\n<link rel="icon" type="image/png" sizes="16x16" href="/static/branding/favicon-16.png?v=2.0.0-beta.1-g1">\n<link rel="apple-touch-icon" href="/static/branding/apple-touch-icon.png?v=2.0.0-beta.1-g1">\n<link rel="manifest" href="/static/branding/manifest.webmanifest?v=2.0.0-beta.1-g1">\n<link rel="canonical" href="http://localhost.localdomain/alpha/onboarding">\n<meta name="application-name" content="Kwalitec">\n<meta name="apple-mobile-web-app-title" content="Kwalitec">\n<meta name="theme-color" content="#0D1B2A">\n<meta property="og:site_name" content="Kwalitec">\n<meta property="og:title" content="Welcome to Kwalitec · Kwalitec">\n<meta property="og:description" content="Know exactly what to study next. · Exam-ready study guidance">\n<meta property="og:type" content="website">\n<meta property="og:url" content="http://localhost.localdomain/alpha/onboarding">\n<meta property="og:image" content="http://localhost.localdomain/static/branding/social-preview.png?v=2.0.0-beta.1-g1">\n<meta name="twitter:card" content="summary_large_image">\n<meta name="twitter:title" content="Welcome to Kwalitec · Kwalitec">\n<meta name="twitter:description" content="Know exactly what to study next. · Exam-ready study guidance">\n<meta name="twitter:image" content="http://localhost.localdomain/static/branding/social-preview.png?v=2.0.0-beta.1-g1">\n    <script src="/static/js/theme.js?v=2.0.0-beta.1-g1"></script>\n    <link rel="preconnect" href="https://cdn.jsdelivr.net" crossorigin>\n    <link href="/static/css/fonts.css?v=2.0.0-beta.1-g1" rel="stylesheet">\n    <link href="https://cdn.jsdelivr.net/npm/bootstrap@5.3.3/dist/css/bootstrap.min.css" rel="stylesheet">\n    <link href="/static/css/brand.css?v=2.0.0-beta.1-g1" rel="stylesheet">\n    <link href="/static/css/tokens.css?v=2.0.0-beta.1-g1" rel="stylesheet">\n    <link href="/static/css/student/student.css?v=2.0.0-beta.1-g1" rel="stylesheet">\n    \n    \n    <link href="/static/css/app.css?v=2.0.0-beta.1-g1" rel="stylesheet">\n    \n    \n</head>\n\n<body class="student-body" data-student-surface="alpha">\n    <a class="student-skip-link" href="#student-main">Skip to content</a>\n    <div class="student-shell">\n        <header class="student-topbar" role="banner">\n            <div class="student-topbar-inner">\n                <a class="student-brand" href="/student/" aria-label="Kwalitec home">\n                    \n                        \n\n\n\n<img\n    class="student-brand-logo brand-logo"\n    src="/static/assets/branding/approved-kwalitec-logo.png?v=2.0.0-beta.1-g1"\n    alt="Kwalitec"\n    width="1418"\n    height="372"\n    decoding="async"\n    loading="eager"\n>\n                    \n                </a>\n                <div class="student-topbar-nav">\n                    \n\n\n<nav\n  class="student-nav"\n  aria-label="Student experience"\n  data-student-nav\n  data-mobile-nav="drawer"\n  data-px004="mobile-nav"\n>\n    <button\n        type="button"\n        class="student-nav-toggle"\n        aria-expanded="false"\n        aria-controls="student-nav-list"\n        aria-haspopup="true"\n        data-student-nav-toggle\n    >\n        Menu\n    </button>\n    <ul class="student-nav-list" id="student-nav-list" role="list">\n        \n        <li class="student-nav-item">\n            <a\n                class="student-nav-link"\n                href="/student/"\n                \n            >Home</a>\n        </li>\n        \n        <li class="student-nav-item">\n            <a\n                class="student-nav-link"\n                href="/student/journey"\n                \n            >Syllabus</a>\n        </li>\n        \n        <li class="student-nav-item">\n            <a\n                class="student-nav-link"\n                href="/student/revision"\n                \n            >Revision</a>\n        </li>\n        \n        <li class="student-nav-item">\n            <a\n                class="student-nav-link"\n                href="/student/history"\n                \n            >History</a>\n        </li>\n        \n        <li class="student-nav-item">\n            <a\n                class="student-nav-link"\n                href="/student/profile"\n                \n            >Settings</a>\n        </li>\n        \n        <li class="student-nav-item">\n            <a\n                class="student-nav-link"\n                href="/study-plan/"\n                \n            >Choose Exam</a>\n        </li>\n        \n        <li class="student-nav-item">\n            <a\n                class="student-nav-link is-active"\n                href="/alpha/help"\n                aria-current="page"\n            >Help</a>\n        </li>\n        \n    </ul>\n</nav>\n\n                    \n                    \n\n<div class="appearance-switcher appearance-switcher--compact" role="group" aria-label="Appearance">\n    <button\n        type="button"\n        class="appearance-cycle icon-btn"\n        data-appearance-cycle\n        data-px006="icon-only"\n        aria-label="Appearance: System. Activate to switch."\n        title="Cycle appearance"\n    >\n        <span class="appearance-cycle__icon appearance-cycle__icon--light" data-appearance-cycle-icon="light" hidden><svg width="20" height="20" fill="none" stroke="currentColor" stroke-width="1.75" viewBox="0 0 24 24" class="" aria-hidden="true"><circle cx="12" cy="12" r="4"/><path d="M12 2v2M12 20v2M4.93 4.93l1.41 1.41M17.66 17.66l1.41 1.41M2 12h2M20 12h2M4.93 19.07l1.41-1.41M17.66 6.34l1.41-1.41"/></svg></span>\n        <span class="appearance-cycle__icon appearance-cycle__icon--dark" data-appearance-cycle-icon="dark" hidden><svg width="20" height="20" fill="none" stroke="currentColor" stroke-width="1.75" viewBox="0 0 24 24" class="" aria-hidden="true"><path d="M21 14.5A8.5 8.5 0 1 1 9.5 3 7 7 0 0 0 21 14.5z"/></svg></span>\n        <span class="appearance-cycle__icon appearance-cycle__icon--system" data-appearance-cycle-icon="system"><svg width="20" height="20" fill="none" stroke="currentColor" stroke-width="1.75" viewBox="0 0 24 24" class="" aria-hidden="true"><rect x="2" y="3" width="20" height="14" rx="2"/><path d="M8 21h8M12 17v4"/></svg></span>\n        <span class="appearance-cycle__label" data-appearance-cycle-label>System</span>\n    </button>\n</div>\n\n\n                    \n                    \n                    <form method="post" action="/auth/logout" class="student-signout-form">\n                        <input type="hidden" name="csrf_token" value="IjMwNzY5MWM3ZWY0ZDE5OTIxNTRiYzlmZWU3YmU4N2JlZDg2OTIzMDIi.anI2NQ.ywUi5ESgMiUPFb9Lwy1CWbmVkB8">\n                        <button class="student-nav-link student-signout" type="submit">Sign out</button>\n                    </form>\n                    \n                </div>\n            </div>\n        </header>\n\n        <main id="student-main" class="student-main student-main--workspace kw-motion-page" role="main" tabindex="-1">\n            \n\n    \n        <div class="flash-stack ds-flash-stack student-flash-stack mb-4" role="region" aria-label="Notifications" data-flash-stack>\n            \n                \n                <div class="ds-flash ds-flash--success student-success alert alert-success alert-dismissible fade show" role="status" data-student-state="success" data-flash>\n                    Welcome back to Kwalitec.\n                    <button type="button" class="btn-close" data-bs-dismiss="alert" data-flash-dismiss aria-label="Close"></button>\n                </div>\n                \n            \n        </div>\n    \n\n            \n            \n            \n<div class="student-nav-skeleton" data-px006="skeleton-nav" role="status" aria-busy="true" aria-label="Loading" hidden>\n    <span class="visually-hidden">Loading</span>\n    <div class="skeleton skeleton--bar" style="width: 40%; margin-bottom: 1rem;" aria-hidden="true"></div>\n    <div class="skeleton-stack" aria-hidden="true">\n        <span class="skeleton skeleton--text" style="width: 92%;"></span>\n        <span class="skeleton skeleton--text" style="width: 78%;"></span>\n        <span class="skeleton skeleton--text" style="width: 64%;"></span>\n    </div>\n</div>\n\n            \n\n<header class="student-page-header">\n    <p class="student-eyebrow">Private Beta</p>\n    <h1 class="student-page-title">Welcome to Kwalitec</h1>\n    <p class="student-page-description">\n        A short orientation — then choose your exam and begin learning.\n    </p>\n</header>\n\n<section class="alpha-onboarding student-panel student-panel--quiet" aria-label="Product onboarding">\n    <ol class="alpha-onboarding-steps list-unstyled mb-0">\n        \n        <li class="alpha-onboarding-step mb-4">\n            <p class="student-muted small mb-1">Step 1 of 4</p>\n            <h2 class="student-panel-title mb-2">What Kwalitec is</h2>\n            <p class="student-panel-body mb-0">Kwalitec helps you prepare for demanding exams with a clear Study Plan, focused daily study, and progress you can trust — built from verified curriculum and your recorded practice.</p>\n        </li>\n        \n        <li class="alpha-onboarding-step mb-4">\n            <p class="student-muted small mb-1">Step 2 of 4</p>\n            <h2 class="student-panel-title mb-2">Choose your exam</h2>\n            <p class="student-panel-body mb-0">Pick a Ready subject from the Subject Catalogue, enter your exam date and study availability, then begin learning. Coming Soon subjects are under preparation and cannot be selected yet.</p>\n        </li>\n        \n        <li class="alpha-onboarding-step mb-4">\n            <p class="student-muted small mb-1">Step 3 of 4</p>\n            <h2 class="student-panel-title mb-2">Today&#39;s Focus</h2>\n            <p class="student-panel-body mb-0">Each day, Home shows Today&#39;s Focus — what to study now and why. Start today&#39;s Session to practice, then see what changed and what comes next.</p>\n        </li>\n        \n        <li class="alpha-onboarding-step">\n            <p class="student-muted small mb-1">Step 4 of 4</p>\n            <h2 class="student-panel-title mb-2">Guidance you can understand</h2>\n            <p class="student-panel-body mb-0">Recommendations come from your syllabus structure, available time, and study history — not a black box. When you expand “why”, you see the reasons behind the guidance.</p>\n        </li>\n        \n    </ol>\n\n    <div class="d-flex flex-wrap gap-2 mt-4">\n        <form method="post" action="/alpha/onboarding/complete">\n            <input type="hidden" name="csrf_token" value="IjMwNzY5MWM3ZWY0ZDE5OTIxNTRiYzlmZWU3YmU4N2JlZDg2OTIzMDIi.anI2NQ.ywUi5ESgMiUPFb9Lwy1CWbmVkB8">\n            <button type="submit" class="btn student-btn-primary">Continue to Home</button>\n        </form>\n        <form method="post" action="/alpha/onboarding/skip">\n            <input type="hidden" name="csrf_token" value="IjMwNzY5MWM3ZWY0ZDE5OTIxNTRiYzlmZWU3YmU4N2JlZDg2OTIzMDIi.anI2NQ.ywUi5ESgMiUPFb9Lwy1CWbmVkB8">\n            <button type="submit" class="btn student-btn-secondary">Skip for now</button>\n        </form>\n        <a class="btn student-btn-secondary" href="/alpha/help">Help &amp; Support</a>\n    </div>\n</section>\n\n        </main>\n\n        <div class="student-visually-hidden" aria-live="polite" id="student-live-region"></div>\n\n        <footer class="student-footer" role="contentinfo">\n            <p class="student-footer-text">Study with focus.</p>\n            <div class="student-footer-meta" role="group" aria-label="Private beta">\n                <span class="student-footer-brand">Kwalitec v2.0.0-beta.1</span>\n                <span class="student-beta-badge" title="Private Beta · v2.0.0-beta.1">Private Beta</span>\n                <a class="student-footer-link" href="/alpha/help">Release notes</a>\n                <a class="student-footer-link" href="/alpha/feedback/beta">Report issue</a>\n                \n            </div>\n        </footer>\n    </div>\n\n    \n    \n<div\n  class="modal fade"\n  id="confirm-modal"\n  tabindex="-1"\n  role="dialog"\n  aria-modal="true"\n  aria-labelledby="confirm-modal-title"\n  aria-hidden="true"\n  data-px004="confirm-modal"\n>\n    <div class="modal-dialog" role="document">\n        <div class="modal-content">\n            <div class="modal-header">\n                <h2 class="modal-title h5" id="confirm-modal-title">Confirm</h2>\n                <button type="button" class="btn-close" data-bs-dismiss="modal" aria-label="Cancel"></button>\n            </div>\n            <div class="modal-body" id="confirm-modal-body"></div>\n            <div class="modal-footer">\n                <button type="button" class="btn btn-outline" data-bs-dismiss="modal">Cancel</button>\n                <button type="button" class="btn btn-primary" id="confirm-modal-confirm"></button>\n            </div>\n        </div>\n    </div>\n</div>\n<p\n  id="confirm-modal-fallback"\n  class="visually-hidden"\n  role="status"\n  aria-live="polite"\n  data-px004="confirm-fallback"\n  hidden\n></p>\n<noscript>\n  <p class="small text-muted" data-px004="confirm-noscript">\n    JavaScript is required to confirm destructive actions safely. If a confirm dialog does not appear, cancel and retry with scripts enabled.\n  </p>\n</noscript>\n    \n\n    <script src="https://cdn.jsdelivr.net/npm/bootstrap@5.3.3/dist/js/bootstrap.bundle.min.js" defer></script>\n    \n    <script src="/static/js/app.js?v=2.0.0-beta.1-g1" defer></script>\n    <script src="/static/js/confirm-modal.js?v=2.0.0-beta.1-g1" defer></script>\n    <script src="/static/js/student.js?v=2.0.0-beta.1-g1" defer></script>\n    \n</body>\n</html>'
FAILED tests/test_alpha_001_infrastructure.py::TestPresentationTelemetry::test_allowed_events_match_alpha_contract - AssertionError: assert frozenset({'tutor_question', 'workspace_opened', 'mission_started', 'learning_episode_abandoned', 'learning_episode_started', 'knowledge_map_opened', 'feedback_submitted', 'journey_opened', 'learning_journey_opened', 'reflection_completed', 'learning_episode_completed', 'tutor_opened', 'dashboard_opened', 'episode_completed', 'coach_opened', 'mission_completed', 'provenance_expanded', 'forecast_viewed', 'episode_reflection_completed', 'workspace_interaction', 'episode_abandoned', 'tomorrow_preview_opened', 'readiness_opened', 'start_early_used', 'start_tomorrow_used', 'insight_useful', 'episode_started'}) == {'mission_completed', 'provenance_expanded', 'mission_started', 'readiness_opened', 'feedback_submitted', 'journey_opened', 'reflection_completed', 'dashboard_opened', 'coach_opened'}
  
  Extra items in the left set:
  'tutor_question'
  'forecast_viewed'
  'learning_episode_abandoned'
  'workspace_opened'
  'episode_reflection_completed'
  'workspace_interaction'
  'episode_abandoned'
  'tomorrow_preview_opened'
  'learning_episode_started'
  'knowledge_map_opened'
  'learning_journey_opened'
  'start_early_used'
  'start_tomorrow_used'
  'learning_episode_completed'
  'insight_useful'
  'tutor_opened'
  'episode_completed'
  'episode_started'
  
  Full diff:
  - {
  + frozenset({
        'coach_opened',
        'dashboard_opened',
  +     'episode_abandoned',
  +     'episode_completed',
  +     'episode_reflection_completed',
  +     'episode_started',
        'feedback_submitted',
  +     'forecast_viewed',
  +     'insight_useful',
        'journey_opened',
  +     'knowledge_map_opened',
  +     'learning_episode_abandoned',
  +     'learning_episode_completed',
  +     'learning_episode_started',
  +     'learning_journey_opened',
        'mission_completed',
        'mission_started',
        'provenance_expanded',
        'readiness_opened',
        'reflection_completed',
  - }
  +     'start_early_used',
  +     'start_tomorrow_used',
  +     'tomorrow_preview_opened',
  +     'tutor_opened',
  +     'tutor_question',
  +     'workspace_interaction',
  +     'workspace_opened',
  + })
============================== 3 failed in 2.20s ===============================
