============================= test session starts ==============================
platform darwin -- Python 3.14.6, pytest-8.3.4, pluggy-1.6.0
rootdir: /Users/kwalitec/Developer/kwalitec
configfile: pyproject.toml
collected 149 items

tests/presentation/session/test_px003_session_workflow.py ....           [  2%]
tests/presentation/session/test_routes.py .......F...                    [ 10%]
tests/presentation/session/test_accessibility.py ...........             [ 17%]
tests/presentation/student/test_navigation.py ........................   [ 33%]
tests/presentation/student/test_accessibility.py ....................... [ 48%]
......                                                                   [ 53%]
tests/presentation/student/test_responsive.py .............              [ 61%]
tests/presentation/student/test_regression.py .......................... [ 79%]
.....                                                                    [ 82%]
tests/test_rc001_contrast.py ......                                      [ 86%]
tests/ga/test_e2e_workflows.py ............                              [ 94%]
tests/ga/test_recovery.py ........                                       [100%]

=================================== FAILURES ===================================
/Users/kwalitec/Developer/kwalitec/tests/presentation/session/test_routes.py:144: AssertionError: assert '/student' in '/session/sess-1/summary'
=============================== warnings summary ===============================
tests/presentation/student/test_accessibility.py: 13 warnings
tests/presentation/student/test_responsive.py: 4 warnings
tests/presentation/student/test_regression.py: 2 warnings
tests/ga/test_e2e_workflows.py: 3 warnings
  /Users/kwalitec/Developer/kwalitec/app/application/student_experience/recommendation_commitment.py:595: DeprecationWarning: datetime.datetime.utcnow() is deprecated and scheduled for removal in a future version. Use timezone-aware objects to represent datetimes in UTC: datetime.datetime.now(datetime.UTC).
    since = datetime.utcnow() - timedelta(days=max(1, within_days))

tests/presentation/student/test_accessibility.py: 16 warnings
tests/presentation/student/test_responsive.py: 4 warnings
tests/presentation/student/test_regression.py: 2 warnings
tests/ga/test_e2e_workflows.py: 4 warnings
  /Users/kwalitec/Developer/kwalitec/.venv/lib/python3.14/site-packages/sqlalchemy/sql/schema.py:3623: DeprecationWarning: datetime.datetime.utcnow() is deprecated and scheduled for removal in a future version. Use timezone-aware objects to represent datetimes in UTC: datetime.datetime.now(datetime.UTC).
    return util.wrap_callable(lambda ctx: fn(), fn)  # type: ignore

tests/ga/test_e2e_workflows.py::TestHealthAndRegression::test_settings_backup_export
tests/ga/test_recovery.py::TestBackupValidation::test_user_backup_export_roundtrip_shape
  /Users/kwalitec/Developer/kwalitec/app/settings/routes.py:330: DeprecationWarning: datetime.datetime.utcnow() is deprecated and scheduled for removal in a future version. Use timezone-aware objects to represent datetimes in UTC: datetime.datetime.now(datetime.UTC).
    "exported_at": datetime.utcnow().isoformat(),

tests/ga/test_e2e_workflows.py::TestHealthAndRegression::test_settings_backup_export
tests/ga/test_recovery.py::TestBackupValidation::test_user_backup_export_roundtrip_shape
  /Users/kwalitec/Developer/kwalitec/app/settings/routes.py:355: DeprecationWarning: datetime.datetime.utcnow() is deprecated and scheduled for removal in a future version. Use timezone-aware objects to represent datetimes in UTC: datetime.datetime.now(datetime.UTC).
    f"{datetime.utcnow().strftime('%Y-%m-%d')}.json"

-- Docs: https://docs.pytest.org/en/stable/how-to/capture-warnings.html
=========================== short test summary info ============================
FAILED tests/presentation/session/test_routes.py::test_finish_returns_home - ...
================= 1 failed, 148 passed, 52 warnings in 15.56s ==================
