============================= test session starts ==============================
platform darwin -- Python 3.14.6, pytest-8.3.4, pluggy-1.6.0
rootdir: /Users/kwalitec/Developer/kwalitec
configfile: pyproject.toml
collected 45822 items

tests/application/adaptive_assessment/test_contextual_framing.py ....... [  0%]
................                                                         [  0%]
tests/application/adaptive_assessment/test_product_foundations.py ...... [  0%]
......................                                                   [  0%]
tests/application/adaptive_assessment/test_quick_check.py .............. [  0%]
......                                                                   [  0%]
tests/application/adaptive_learning/test_decision_matrix.py ............ [  0%]
..................................                                       [  0%]
tests/application/adaptive_learning/test_engine.py ..............        [  0%]
tests/application/adaptive_learning/test_expanded_matrix.py ............ [  0%]
........................................................................ [  0%]
........................................................................ [  0%]
..............................                                           [  0%]
tests/application/adaptive_learning/test_explanations_matrix.py ........ [  0%]
........................................................................ [  0%]
...........                                                              [  0%]
tests/application/adaptive_learning/test_independence.py ....            [  0%]
tests/application/adaptive_learning/test_priority_matrix.py ............ [  0%]
........................................................................ [  1%]
..............................................                           [  1%]
tests/application/adaptive_learning/test_regression.py ................. [  1%]
............................................                             [  1%]
tests/application/adaptive_learning/test_roi_matrix.py ................. [  1%]
........................................................................ [  1%]
........                                                                 [  1%]
tests/application/adaptive_learning/test_scheduling.py ................. [  1%]
................................................                         [  1%]
tests/application/adaptive_learning/test_selection.py .................. [  1%]
...........                                                              [  1%]
tests/application/adaptive_mission/test_adaptive_mission.py FFFFFFFF.F   [  1%]
tests/application/assessment/evidence/test_packaging_service.py ...      [  1%]
tests/application/assessment/test_delivery.py ................           [  1%]
tests/application/assessment/test_ports_and_services.py ................ [  1%]
...                                                                      [  1%]
tests/application/assessment_pipeline/evidence_ingress/test_architecture_purity.py . [  1%]
.........                                                                [  1%]
tests/application/assessment_pipeline/evidence_ingress/test_mapper.py .. [  1%]
.                                                                        [  1%]
tests/application/assessment_pipeline/evidence_ingress/test_service.py F [  1%]
F....FF                                                                  [  1%]
tests/application/assessment_pipeline/evidence_ingress/test_validator.py . [  1%]
..............                                                           [  1%]
tests/application/assessment_pipeline/test_assessment_pipeline.py ....FF [  1%]
F.FFF                                                                    [  1%]
tests/application/config/test_v2_flags.py .............................. [  2%]
...................................                                      [  2%]
tests/application/curriculum_extraction/test_pipeline.py ......          [  2%]
tests/application/curriculum_ingestion/test_classification_extraction.py . [  2%]
........................................................................ [  2%]
....                                                                     [  2%]
tests/application/curriculum_ingestion/test_dto_immutability.py ........ [  2%]
......................                                                   [  2%]
tests/application/curriculum_ingestion/test_independence.py ......       [  2%]
tests/application/curriculum_ingestion/test_matrix.py .................. [  2%]
........................................................................ [  2%]
.....................................................                    [  2%]
tests/application/curriculum_ingestion/test_policies.py ................ [  2%]
.......................                                                  [  2%]
tests/application/curriculum_ingestion/test_regression.py .............. [  2%]
..............                                                           [  2%]
tests/application/curriculum_ingestion/test_services.py ................ [  2%]
......................................                                   [  2%]
tests/application/curriculum_intelligence/test_educational_quality.py .. [  2%]
...                                                                      [  2%]
tests/application/curriculum_intelligence/test_ei001a_generation_engine.py . [  2%]
.......                                                                  [  2%]
tests/application/curriculum_intelligence/test_ei001b_generation_agents.py . [  2%]
........                                                                 [  2%]
tests/application/curriculum_intelligence/test_ei001c_educational_reasoning.py . [  2%]
............                                                             [  2%]
tests/application/curriculum_intelligence/test_ei001d_educational_certification.py . [  2%]
............                                                             [  3%]
tests/application/curriculum_intelligence/test_ei002a_founder_integration.py . [  3%]
..........                                                               [  3%]
tests/application/curriculum_intelligence/test_ei002b_student_intelligence.py . [  3%]
...........                                                              [  3%]
tests/application/curriculum_intelligence/test_pipeline.py ............. [  3%]
...                                                                      [  3%]
tests/application/curriculum_intelligence/test_validation_provenance.py . [  3%]
...........                                                              [  3%]
tests/application/curriculum_management/test_dto_immutability.py ....... [  3%]
...........                                                              [  3%]
tests/application/curriculum_management/test_independence.py .....       [  3%]
tests/application/curriculum_management/test_lifecycle.py .............. [  3%]
...........                                                              [  3%]
tests/application/curriculum_management/test_matrix.py ................. [  3%]
.................................................................        [  3%]
tests/application/curriculum_management/test_policies.py ............... [  3%]
...........                                                              [  3%]
tests/application/curriculum_management/test_regression.py ............. [  3%]
..                                                                       [  3%]
tests/application/curriculum_publishing/test_publishing_workflow.py .... [  3%]
...                                                                      [  3%]
tests/application/curriculum_retrieval/test_evidence_retrieval.py ...... [  3%]
.....                                                                    [  3%]
tests/application/curriculum_studio/test_authority_boundaries.py ....... [  3%]
........................................................................ [  3%]
.........................................                                [  3%]
tests/application/curriculum_studio/test_dashboard.py .................. [  3%]
.............................................................            [  3%]
tests/application/curriculum_studio/test_document_upload.py ...........  [  4%]
tests/application/curriculum_studio/test_dto_immutability.py ........... [  4%]
.............                                                            [  4%]
tests/application/curriculum_studio/test_fv001a_workflow_repair.py ..... [  4%]
                                                                         [  4%]
tests/application/curriculum_studio/test_independence.py F.F............ [  4%]
                                                                         [  4%]
tests/application/curriculum_studio/test_management_reconciliation.py .. [  4%]
.                                                                        [  4%]
tests/application/curriculum_studio/test_matrix.py ..................... [  4%]
........................................................................ [  4%]
........................................................................ [  4%]
........................................................................ [  4%]
..................F..................................................... [  4%]
                                                                         [  4%]
tests/application/curriculum_studio/test_orchestration_matrix.py ....... [  4%]
........................................................................ [  4%]
........................................................................ [  5%]
...............................................                          [  5%]
tests/application/curriculum_studio/test_pi002r_validation_wiring.py ... [  5%]
........F...                                                             [  5%]
tests/application/curriculum_studio/test_port_interaction.py ........... [  5%]
........................................................................ [  5%]
..........................................................               [  5%]
tests/application/curriculum_studio/test_ports_edge.py ................. [  5%]
....                                                                     [  5%]
tests/application/curriculum_studio/test_regression.py F...F............ [  5%]
                                                                         [  5%]
tests/application/curriculum_studio/test_services.py ................... [  5%]
..............                                                           [  5%]
tests/application/curriculum_studio/test_use_cases.py .................. [  5%]
........................................................................ [  5%]
........................................................................ [  6%]
.....                                                                    [  6%]
tests/application/curriculum_studio/test_workflow_completion_r1.py ..... [  6%]
..                                                                       [  6%]
tests/application/curriculum_studio_foundation/test_integration.py ...   [  6%]
tests/application/curriculum_studio_foundation/test_lifecycle.py ....... [  6%]
..                                                                       [  6%]
tests/application/decision_journal/test_timeline.py .                    [  6%]
tests/application/education/mission_execution/test_architecture_purity.py . [  6%]
........................................................................ [  6%]
.................................                                        [  6%]
tests/application/education/mission_execution/test_deterministic.py ..   [  6%]
tests/application/education/mission_execution/test_edge_cases.py .....   [  6%]
tests/application/education/mission_execution/test_evidence.py .......   [  6%]
tests/application/education/mission_execution/test_illegal_transitions.py . [  6%]
......                                                                   [  6%]
tests/application/education/mission_execution/test_lifecycle.py .....    [  6%]
tests/application/education/mission_execution/test_progress_metrics.py . [  6%]
......                                                                   [  6%]
tests/application/education/mission_generation/test_architecture_purity.py . [  6%]
........................................................................ [  6%]
............                                                             [  6%]
tests/application/education/mission_generation/test_constraints_duration.py . [  6%]
.......                                                                  [  6%]
tests/application/education/mission_generation/test_deterministic.py ... [  6%]
                                                                         [  6%]
tests/application/education/mission_generation/test_generator.py ....... [  6%]
......                                                                   [  6%]
tests/application/education/mission_generation/test_merge_split.py ..... [  6%]
.                                                                        [  6%]
tests/application/education/mission_generation/test_models_edges.py .... [  6%]
........                                                                 [  6%]
tests/application/education/mission_generation/test_ordering.py ...      [  6%]
tests/application/education/orchestration/test_architecture_purity.py .. [  6%]
..................................................                       [  6%]
tests/application/education/orchestration/test_branch_coverage.py ...... [  6%]
....                                                                     [  6%]
tests/application/education/orchestration/test_deterministic.py ..       [  6%]
tests/application/education/orchestration/test_domain_isolation.py ..    [  6%]
tests/application/education/orchestration/test_dto.py ........           [  6%]
tests/application/education/orchestration/test_failure_propagation.py .. [  6%]
........                                                                 [  6%]
tests/application/education/orchestration/test_orchestrator.py ........  [  6%]
tests/application/education/orchestration/test_ordering.py ...           [  6%]
tests/application/education/revision_planner/test_architecture_purity.py . [  6%]
........................................................................ [  7%]
.......................................................                  [  7%]
tests/application/education/revision_planner/test_mutations_and_dependencies.py . [  7%]
.......                                                                  [  7%]
tests/application/education/revision_planner/test_schedule_generation.py . [  7%]
.......                                                                  [  7%]
tests/application/education/revision_planner/test_workload_spacing_determinism.py . [  7%]
........                                                                 [  7%]
tests/application/education_platform/test_composition_root.py .......... [  7%]
.......                                                                  [  7%]
tests/application/education_platform/test_dependency_registry.py ....... [  7%]
.........................                                                [  7%]
tests/application/education_platform/test_dependency_replacement.py .... [  7%]
............                                                             [  7%]
tests/application/education_platform/test_dto_immutability.py .......... [  7%]
....................................                                     [  7%]
tests/application/education_platform/test_e2e_regression.py ............ [  7%]
...........                                                              [  7%]
tests/application/education_platform/test_edge_cases.py ................ [  7%]
...............................................                          [  7%]
tests/application/education_platform/test_health_diagnostics.py ........ [  7%]
..................                                                       [  7%]
tests/application/education_platform/test_independence.py .............. [  7%]
.......                                                                  [  7%]
tests/application/education_platform/test_matrix.py .................... [  7%]
........................................................................ [  7%]
.......................                                                  [  8%]
tests/application/education_platform/test_orchestration.py ............. [  8%]
.....                                                                    [  8%]
tests/application/education_platform/test_platform.py .................. [  8%]
........                                                                 [  8%]
tests/application/education_platform/test_policies.py .................. [  8%]
..................................                                       [  8%]
tests/application/education_platform/test_ports.py ...............       [  8%]
tests/application/education_platform/test_validator.py ................. [  8%]
.                                                                        [  8%]
tests/application/educational_engine_foundation/test_equivalence.py .    [  8%]
tests/application/educational_engine_foundation/test_service.py .        [  8%]
tests/application/educational_experience/test_acceptance.py ...F.        [  8%]
tests/application/educational_experience_engine/test_transformation_service.py . [  8%]
......                                                                   [  8%]
tests/application/educational_intelligence_pipeline/test_architecture_purity.py . [  8%]
....                                                                     [  8%]
tests/application/educational_intelligence_pipeline/test_events_and_logging.py . [  8%]
....                                                                     [  8%]
tests/application/educational_intelligence_pipeline/test_health_and_ci.py . [  8%]
......                                                                   [  8%]
tests/application/educational_intelligence_pipeline/test_orchestrator.py . [  8%]
....                                                                     [  8%]
tests/application/educational_reasoning/test_educational_reasoning.py .. [  8%]
...FF.FFF                                                                [  8%]
tests/application/educational_reasoning_engine/test_reasoning_workflow.py . [  8%]
....                                                                     [  8%]
tests/application/educational_runtime_engine/test_integration.py ....... [  8%]
                                                                         [  8%]
tests/application/educational_state/test_educational_state.py ...        [  8%]
tests/application/founder_validation/test_fv001_metrics.py ....          [  8%]
tests/application/instructional_blueprint/test_compiler.py ............. [  8%]
..............                                                           [  8%]
tests/application/instructional_blueprint/test_dto_exports.py .......... [  8%]
....                                                                     [  8%]
tests/application/instructional_blueprint/test_edge_cases.py ........... [  8%]
............................                                             [  8%]
tests/application/instructional_blueprint/test_engine.py ............... [  8%]
...............                                                          [  8%]
tests/application/instructional_blueprint/test_independence.py ......... [  8%]
........                                                                 [  8%]
tests/application/instructional_blueprint/test_registry.py ............. [  8%]
...................                                                      [  8%]
tests/application/instructional_blueprint/test_selector.py ............. [  8%]
.............................                                            [  8%]
tests/application/instructional_blueprint/test_sequence_generator.py ... [  8%]
..............                                                           [  8%]
tests/application/instructional_blueprint/test_validator.py ............ [  8%]
.......                                                                  [  8%]
tests/application/intelligent_tutor/test_explainability_architecture_purity.py . [  8%]
...................                                                      [  9%]
tests/application/intelligent_tutor/test_intelligent_tutor.py .FFF.FFFFF [  9%]
FF                                                                       [  9%]
tests/application/intelligent_tutor/test_tutor_explainability.py ....... [  9%]
...........                                                              [  9%]
tests/application/learner_lifecycle/test_lifecycle_orchestration.py .... [  9%]
....                                                                     [  9%]
tests/application/learning_activity/test_completion.py ................. [  9%]
........                                                                 [  9%]
tests/application/learning_activity/test_dto_exports_di.py ............. [  9%]
.....................................                                    [  9%]
tests/application/learning_activity/test_engine.py ..................    [  9%]
tests/application/learning_activity/test_evidence_reflection.py ........ [  9%]
............                                                             [  9%]
tests/application/learning_activity/test_progression.py ................ [  9%]
.                                                                        [  9%]
tests/application/learning_activity/test_sequencing.py ................. [  9%]
.............................                                            [  9%]
tests/application/learning_activity/test_transitions.py ................ [  9%]
............                                                             [  9%]
tests/application/learning_activity/test_validator.py ..............     [  9%]
tests/application/learning_evidence/test_evidence_workflow.py .....      [  9%]
tests/application/learning_graph/test_learning_graph.py .........FF.     [  9%]
tests/application/learning_graph/test_projection_architecture_purity.py . [  9%]
....................                                                     [  9%]
tests/application/learning_graph/test_twin_projection.py ............... [  9%]
.                                                                        [  9%]
tests/application/learning_journey/test_dto_coordinator.py ............. [  9%]
.                                                                        [  9%]
tests/application/learning_journey/test_engine.py ...................... [  9%]
......                                                                   [  9%]
tests/application/learning_journey/test_progression_completion.py ...... [  9%]
.........................                                                [  9%]
tests/application/learning_journey/test_recommendations.py ............. [  9%]
....                                                                     [  9%]
tests/application/learning_journey/test_session_selector.py ............ [  9%]
...                                                                      [  9%]
tests/application/learning_orchestrator/test_dto_immutability.py ....... [  9%]
......................                                                   [  9%]
tests/application/learning_orchestrator/test_edge_cases.py ............. [ 10%]
............                                                             [ 10%]
tests/application/learning_orchestrator/test_expanded_matrix.py ........ [ 10%]
........................................................................ [ 10%]
..............ss........................................................ [ 10%]
..................                                                       [ 10%]
tests/application/learning_orchestrator/test_health_diagnostics.py ..... [ 10%]
....................                                                     [ 10%]
tests/application/learning_orchestrator/test_independence.py ..........  [ 10%]
tests/application/learning_orchestrator/test_matrix.py ................. [ 10%]
..........................................s............................. [ 10%]
s.............................s......................................... [ 10%]
.............                                                            [ 10%]
tests/application/learning_orchestrator/test_orchestrator.py ........... [ 10%]
.............                                                            [ 10%]
tests/application/learning_orchestrator/test_policies.py ............... [ 10%]
..............                                                           [ 10%]
tests/application/learning_orchestrator/test_ports.py .................. [ 11%]
....................s.......                                             [ 11%]
tests/application/learning_orchestrator/test_regression.py ............. [ 11%]
.....................................                                    [ 11%]
tests/application/learning_orchestrator/test_volume_matrix.py .......... [ 11%]
....................................................................     [ 11%]
tests/application/learning_session/test_completion_scheduler.py ........ [ 11%]
......                                                                   [ 11%]
tests/application/learning_session/test_dto_exports.py .........         [ 11%]
tests/application/learning_session/test_evidence.py .............        [ 11%]
tests/application/learning_session/test_lifecycle.py ................... [ 11%]
....                                                                     [ 11%]
tests/application/learning_session/test_planner.py ..............        [ 11%]
tests/application/learning_session/test_policies.py .................... [ 11%]
......................                                                   [ 11%]
tests/application/learning_session/test_reflection.py .............      [ 11%]
tests/application/learning_session/test_runtime.py ..................... [ 11%]
......                                                                   [ 11%]
tests/application/learning_session/test_runtime_phase.py ............... [ 11%]
........                                                                 [ 11%]
tests/application/mission_adapter/test_adapter.py ...................    [ 11%]
tests/application/mission_adapter/test_audit.py ..................       [ 11%]
tests/application/mission_adapter/test_comparison.py ................... [ 11%]
......                                                                   [ 11%]
tests/application/mission_adapter/test_dto_immutability.py ............. [ 11%]
........                                                                 [ 11%]
tests/application/mission_adapter/test_fallback.py ...........           [ 11%]
tests/application/mission_adapter/test_feature_gate.py ............      [ 11%]
tests/application/mission_adapter/test_health.py .........               [ 12%]
tests/application/mission_adapter/test_independence.py ..............    [ 12%]
tests/application/mission_adapter/test_migration.py .................... [ 12%]
.................                                                        [ 12%]
tests/application/mission_adapter/test_parallel_shadow.py .............. [ 12%]
.                                                                        [ 12%]
tests/application/mission_adapter/test_policies.py ..................... [ 12%]
.............                                                            [ 12%]
tests/application/mission_adapter/test_routing.py ...................... [ 12%]
.......................                                                  [ 12%]
tests/application/mission_engine/test_adapter_independence.py .......... [ 12%]
............                                                             [ 12%]
tests/application/mission_engine/test_builder_validator.py ............. [ 12%]
........                                                                 [ 12%]
tests/application/mission_engine/test_dispatcher_coordinator.py ........ [ 12%]
...........                                                              [ 12%]
tests/application/mission_engine/test_dto_exports.py ................... [ 12%]
..............                                                           [ 12%]
tests/application/mission_engine/test_engine.py ..................       [ 12%]
tests/application/mission_engine/test_planning_architecture_purity.py .. [ 12%]
...................                                                      [ 12%]
tests/application/mission_engine/test_policies.py ...................... [ 12%]
...................                                                      [ 12%]
tests/application/mission_engine/test_regression.py .................... [ 12%]
....                                                                     [ 12%]
tests/application/mission_engine/test_scheduler_archive.py ............. [ 12%]
...............                                                          [ 12%]
tests/application/mission_engine/test_twin_planning.py ...............   [ 12%]
tests/application/mission_engine_v2/test_adapter_port.py ............    [ 12%]
tests/application/mission_engine_v2/test_coordinator.py ...............  [ 12%]
tests/application/mission_engine_v2/test_dispatcher.py ................  [ 12%]
tests/application/mission_engine_v2/test_dto_immutability.py ........... [ 12%]
...                                                                      [ 12%]
tests/application/mission_engine_v2/test_engine.py ..................... [ 13%]
........                                                                 [ 13%]
tests/application/mission_engine_v2/test_factory.py .................... [ 13%]
                                                                         [ 13%]
tests/application/mission_engine_v2/test_independence.py ..............  [ 13%]
tests/application/mission_engine_v2/test_lifecycle.py .................. [ 13%]
....................                                                     [ 13%]
tests/application/mission_engine_v2/test_policies.py ................... [ 13%]
.............................                                            [ 13%]
tests/application/mission_engine_v2/test_regression.py ............      [ 13%]
tests/application/mission_engine_v2/test_scheduler.py .................. [ 13%]
.                                                                        [ 13%]
tests/application/mission_engine_v2/test_validator.py .................. [ 13%]
.......                                                                  [ 13%]
tests/application/mission_engine_v2/test_workload.py ................... [ 13%]
..                                                                       [ 13%]
tests/application/platform_integration/test_bridge.py ................   [ 13%]
tests/application/platform_integration/test_e2e_demo.py .                [ 13%]
tests/application/platform_integration/test_subject_catalogue.py ....... [ 13%]
......                                                                   [ 13%]
tests/application/reasoning/test_architecture_purity.py ................ [ 13%]
..............................                                           [ 13%]
tests/application/reasoning/test_evidence_interpreter.py ......          [ 13%]
tests/application/reasoning/test_immutability_versioning.py ..           [ 13%]
tests/application/reasoning/test_service.py .....F                       [ 13%]
tests/application/reasoning/test_twin_integration.py .............F..    [ 13%]
tests/application/reasoning/test_validator.py .........                  [ 13%]
tests/application/runtime_integration/test_adapters.py ..                [ 13%]
tests/application/runtime_integration/test_adoption_metrics.py ..        [ 13%]
tests/application/runtime_integration/test_inventory_and_gates.py .....  [ 13%]
tests/application/runtime_integration/test_ri002_verification.py ..F..   [ 13%]
tests/application/runtime_integration/test_routing.py ....               [ 13%]
tests/application/runtime_integration/test_service.py ......             [ 13%]
tests/application/runtime_integration/test_telemetry_and_purity.py ..... [ 13%]
.                                                                        [ 13%]
tests/application/session_experience/test_authority_boundaries.py ...... [ 13%]
.......                                                                  [ 13%]
tests/application/session_experience/test_dto_immutability.py ......     [ 13%]
tests/application/session_experience/test_independence.py ...            [ 13%]
tests/application/session_experience/test_matrix.py .................... [ 13%]
.................................................................        [ 14%]
tests/application/session_experience/test_services.py ..F.....F          [ 14%]
tests/application/student_curriculum_binding/test_binding_workflow.py .. [ 14%]
...                                                                      [ 14%]
tests/application/student_digital_twin/test_student_digital_twin.py ..F. [ 14%]
F.FFFF.                                                                  [ 14%]
tests/application/student_experience/coach/test_architecture_purity.py . [ 14%]
.............................................................            [ 14%]
tests/application/student_experience/coach/test_celebrations.py ....     [ 14%]
tests/application/student_experience/coach/test_composition.py .....     [ 14%]
tests/application/student_experience/coach/test_deterministic.py ..      [ 14%]
tests/application/student_experience/coach/test_explanation_cards.py ... [ 14%]
                                                                         [ 14%]
tests/application/student_experience/coach/test_reflections.py ..        [ 14%]
tests/application/student_experience/coach/test_snapshots.py ..          [ 14%]
tests/application/student_experience/coach/test_suggested_questions.py . [ 14%]
..                                                                       [ 14%]
tests/application/student_experience/home/test_architecture_purity.py .. [ 14%]
........................................................................ [ 14%]
.........                                                                [ 14%]
tests/application/student_experience/home/test_composition.py .......    [ 14%]
tests/application/student_experience/home/test_deterministic.py ..       [ 14%]
tests/application/student_experience/home/test_missing_inputs.py ...     [ 14%]
tests/application/student_experience/home/test_primary_focus.py ........ [ 14%]
                                                                         [ 14%]
tests/application/student_experience/home/test_progress.py ....          [ 14%]
tests/application/student_experience/home/test_quick_actions.py ......   [ 14%]
tests/application/student_experience/home/test_snapshots.py ..           [ 14%]
tests/application/student_experience/integration/test_adapter_navigation.py . [ 14%]
..                                                                       [ 14%]
tests/application/student_experience/integration/test_architecture_purity.py . [ 14%]
....................................                                     [ 14%]
tests/application/student_experience/integration/test_e2e_journey.py ... [ 14%]
..                                                                       [ 14%]
tests/application/student_experience/integration/test_navigation_and_states.py . [ 14%]
....                                                                     [ 14%]
tests/application/student_experience/progress/test_architecture_purity.py . [ 14%]
........................................................................ [ 14%]
.......                                                                  [ 14%]
tests/application/student_experience/progress/test_composition.py ...... [ 14%]
.                                                                        [ 14%]
tests/application/student_experience/progress/test_deterministic.py ..   [ 14%]
tests/application/student_experience/progress/test_milestones.py ...     [ 14%]
tests/application/student_experience/progress/test_missing_history.py .. [ 14%]
                                                                         [ 14%]
tests/application/student_experience/progress/test_snapshots.py ...      [ 14%]
tests/application/student_experience/progress/test_summaries.py ...      [ 14%]
tests/application/student_experience/progress/test_timeline.py ...       [ 14%]
tests/application/student_experience/readiness/test_architecture_purity.py . [ 14%]
......................................................................   [ 14%]
tests/application/student_experience/readiness/test_composition.py ..... [ 14%]
..                                                                       [ 15%]
tests/application/student_experience/readiness/test_confidence.py .....  [ 15%]
tests/application/student_experience/readiness/test_deterministic.py ..  [ 15%]
tests/application/student_experience/readiness/test_missing_inputs.py .. [ 15%]
.                                                                        [ 15%]
tests/application/student_experience/readiness/test_risks.py ......      [ 15%]
tests/application/student_experience/readiness/test_snapshots.py ....    [ 15%]
tests/application/student_experience/readiness/test_strengths.py ....    [ 15%]
tests/application/student_experience/test_authority_boundaries.py ...... [ 15%]
..........                                                               [ 15%]
tests/application/student_experience/test_dto_immutability.py .......... [ 15%]
..                                                                       [ 15%]
tests/application/student_experience/test_explanation.py ............... [ 15%]
...                                                                      [ 15%]
tests/application/student_experience/test_home_exam_identity.py ....     [ 15%]
tests/application/student_experience/test_independence.py F...           [ 15%]
tests/application/student_experience/test_matrix.py .................... [ 15%]
...........................................................              [ 15%]
tests/application/student_experience/test_orchestration_matrix.py ...... [ 15%]
...........................................................              [ 15%]
tests/application/student_experience/test_port_interaction.py .......    [ 15%]
tests/application/student_experience/test_projection_correctness.py .... [ 15%]
........                                                                 [ 15%]
tests/application/student_experience/test_recommendation_commitment.py . [ 15%]
......                                                                   [ 15%]
tests/application/student_experience/test_recommendation_trust.py ...... [ 15%]
.                                                                        [ 15%]
tests/application/student_experience/test_regression.py ......           [ 15%]
tests/application/student_experience/test_services.py .................. [ 15%]
..                                                                       [ 15%]
tests/application/student_experience/test_use_cases.py ........          [ 15%]
tests/application/student_experience/workspace/test_architecture_purity.py . [ 15%]
........................................................................ [ 15%]
.                                                                        [ 15%]
tests/application/student_experience/workspace/test_composition.py ..... [ 15%]
..                                                                       [ 15%]
tests/application/student_experience/workspace/test_deterministic.py ..  [ 15%]
tests/application/student_experience/workspace/test_missing_inputs.py .. [ 15%]
.                                                                        [ 15%]
tests/application/student_experience/workspace/test_objectives.py ....   [ 15%]
tests/application/student_experience/workspace/test_progress.py ...      [ 15%]
tests/application/student_experience/workspace/test_snapshots.py ..      [ 15%]
tests/application/student_twin/test_determinism.py ............          [ 15%]
tests/application/student_twin/test_dto_immutability.py ........         [ 15%]
tests/application/student_twin/test_engine.py .........                  [ 15%]
tests/application/student_twin/test_independence.py .................... [ 15%]
....                                                                     [ 15%]
tests/application/student_twin/test_matrix.py .......................... [ 16%]
........................................................................ [ 16%]
........................................................................ [ 16%]
..................................................                       [ 16%]
tests/application/student_twin/test_policies.py ........................ [ 16%]
................                                                         [ 16%]
tests/application/student_twin/test_regression.py ...................... [ 16%]
...................                                                      [ 16%]
tests/application/student_twin/test_services.py ............             [ 16%]
tests/application/student_twin/test_timeline_comparison.py ............. [ 16%]
................................                                         [ 16%]
tests/application/test_calibration_birth_persistence.py ..............   [ 16%]
tests/application/test_constraint_builder.py ........................... [ 16%]
......                                                                   [ 16%]
tests/application/test_curriculum_context_builder.py .................   [ 16%]
tests/application/test_dashboard_assembler.py .......................... [ 16%]
.                                                                        [ 16%]
tests/application/test_durable_twin_repository.py ............           [ 16%]
tests/application/test_educational_dashboard_composer.py ..........      [ 16%]
tests/application/test_educational_evidence_package.py ................. [ 17%]
.......                                                                  [ 17%]
tests/application/test_educational_orchestrator.py ....................  [ 17%]
tests/application/test_educational_orchestrator_twin_provider.py ....... [ 17%]
....                                                                     [ 17%]
tests/application/test_feature_flags.py ..........                       [ 17%]
tests/application/test_internal_alpha.py .......                         [ 17%]
tests/application/test_knowledge_update_strategy.py .................... [ 17%]
...                                                                      [ 17%]
tests/application/test_learning_loop_integration.py .................... [ 17%]
                                                                         [ 17%]
tests/application/test_recommendation_card_builder.py .................. [ 17%]
....                                                                     [ 17%]
tests/application/test_student_calibration_builder.py .................. [ 17%]
............                                                             [ 17%]
tests/application/test_study_plan_calibration_integration.py ........... [ 17%]
.....                                                                    [ 17%]
tests/application/test_twin_composer.py .............................    [ 17%]
tests/application/test_twin_provider.py .......................          [ 17%]
tests/application/test_twin_provider_repository_integration.py ......... [ 17%]
........                                                                 [ 17%]
tests/application/test_twin_repository.py .........................      [ 17%]
tests/application/test_twin_update_coordinator.py ...................... [ 17%]
.........                                                                [ 17%]
tests/application/twin_inference/test_inference_workflow.py ......       [ 17%]
tests/application/unified_journey/test_assembler.py .............        [ 17%]
tests/application/unified_journey/test_contracts.py ........             [ 17%]
tests/application/unified_journey/test_coordinator.py .................  [ 17%]
tests/application/unified_journey/test_daily_mission.py ......           [ 17%]
tests/application/unified_journey/test_day_experience.py .....           [ 17%]
tests/application/unified_journey/test_events.py .......                 [ 17%]
tests/application/unified_journey/test_feature_flags.py .........        [ 17%]
tests/application/unified_journey/test_home_integration.py ........      [ 17%]
tests/application/unified_journey/test_navigation.py ......              [ 17%]
tests/application/unified_journey/test_reflection.py ......              [ 17%]
tests/application/unified_journey/test_reflection_controls.py ......     [ 17%]
tests/application/unified_journey/test_session_controls.py ......        [ 17%]
tests/application/unified_journey/test_session_outcome.py F....          [ 17%]
tests/application/unified_journey/test_stage_mapping.py ........         [ 17%]
tests/application/unified_journey/test_study_session.py .....            [ 17%]
tests/application/unified_journey/test_timeline.py ......                [ 17%]
tests/application/version1_product/test_vp001_ei_journey.py .......      [ 17%]
tests/architecture/test_ai_enrichment_boundary.py ...................... [ 17%]
.............................                                            [ 18%]
tests/architecture/test_analytics_import_guard.py ...................... [ 18%]
.....................................                                    [ 18%]
tests/architecture/test_ci_integrity.py .........                        [ 18%]
tests/architecture/test_composition_root.py ...                          [ 18%]
tests/architecture/test_dependency_assurance.py ........                 [ 18%]
tests/architecture/test_governance_artefacts.py ................         [ 18%]
tests/architecture/test_layer_dependency_rules.py ...................... [ 18%]
........................................................................ [ 18%]
........................................................................ [ 18%]
........................................................................ [ 18%]
........................................................................ [ 18%]
........................................................................ [ 19%]
........................................................................ [ 19%]
........................................................................ [ 19%]
........................................................................ [ 19%]
........................................................................ [ 19%]
........................................................................ [ 19%]
........................................................................ [ 20%]
........................................................................ [ 20%]
........................................................................ [ 20%]
........................................................................ [ 20%]
........................................................................ [ 20%]
........................................................................ [ 20%]
........................................................................ [ 20%]
........................................................................ [ 21%]
........................................................................ [ 21%]
........................................................................ [ 21%]
........................................................................ [ 21%]
........................................................................ [ 21%]
........................................................................ [ 21%]
........................................................................ [ 22%]
........................................................................ [ 22%]
........................................................................ [ 22%]
................................                                         [ 22%]
tests/architecture/test_pipeline_orchestration.py ............           [ 22%]
tests/architecture/test_release_artefacts.py ..........                  [ 22%]
tests/architecture/test_release_operations.py ..........                 [ 22%]
tests/architecture/test_student_experience_boundary.py ................. [ 22%]
................                                                         [ 22%]
tests/certification/architecture/test_layering.py .....                  [ 22%]
tests/certification/architecture/test_public_apis.py ....                [ 22%]
tests/certification/documentation/test_documentation_audit.py ........   [ 22%]
tests/certification/educational_intelligence/test_authority.py ....      [ 22%]
tests/certification/educational_intelligence/test_cold_start_and_explainability.py . [ 22%]
...                                                                      [ 22%]
tests/certification/educational_intelligence/test_contracts.py ......    [ 22%]
tests/certification/educational_intelligence/test_performance_baseline.py . [ 22%]
.                                                                        [ 22%]
tests/certification/educational_intelligence/test_pipeline_certification.py . [ 22%]
........                                                                 [ 22%]
tests/certification/educational_intelligence/test_provenance.py ....     [ 22%]
tests/certification/educational_intelligence/test_replay.py ............ [ 22%]
                                                                         [ 22%]
tests/certification/integration/test_automation_chain.py ..              [ 22%]
tests/certification/integration/test_operational_chain.py ....           [ 22%]
tests/certification/performance/test_benchmarks.py .......               [ 22%]
tests/certification/resilience/test_missing_and_corrupt.py .......       [ 22%]
tests/certification/resilience/test_partial_failures.py ......           [ 22%]
tests/certification/test_cs01_founder_onboarding.py .....                [ 22%]
tests/certification/test_cs02_publication.py ...                         [ 22%]
tests/certification/test_cs03_derivation.py ....                         [ 22%]
tests/certification/test_cs04_to_cs08_runtime.py ...............         [ 22%]
tests/certification/test_cs09_journey_e2e.py ....                        [ 22%]
tests/certification/test_cs10_cs11_inputs.py ...                         [ 22%]
tests/certification/test_cs12_coexistence.py ....                        [ 22%]
tests/certification/test_eq001_educational_quality.py .......            [ 22%]
tests/certification/test_pr001a_founder_operations.py .................. [ 22%]
...............                                                          [ 22%]
tests/certification/test_pr001b_student_pilot.py .FF.F.FFFF.F            [ 22%]
tests/certification/test_runtime_parity.py .........                     [ 23%]
tests/curriculum/test_cm1_canonical_validation.py .............          [ 23%]
tests/curriculum/test_cs1_canonical_validation.py .............          [ 23%]
tests/curriculum/test_curriculum_parity.py ...............               [ 23%]
tests/dashboard/test_educational_dashboard_integration.py ............   [ 23%]
tests/domain/adaptive_learning/test_edge_cases.py ....................   [ 23%]
tests/domain/adaptive_learning/test_entities.py ........................ [ 23%]
....................................................                     [ 23%]
tests/domain/adaptive_learning/test_independence.py ...                  [ 23%]
tests/domain/assessment/evidence/test_aggregation.py ...                 [ 23%]
tests/domain/assessment/evidence/test_architecture_purity.py ........... [ 23%]
.                                                                        [ 23%]
tests/domain/assessment/evidence/test_models.py ...                      [ 23%]
tests/domain/assessment/packaging/test_packaging.py ....                 [ 23%]
tests/domain/assessment/packaging/test_strength.py ....                  [ 23%]
tests/domain/assessment/test_architecture_purity.py .................... [ 23%]
....................                                                     [ 23%]
tests/domain/assessment/test_entities.py ..........                      [ 23%]
tests/domain/assessment/test_enums.py ....                               [ 23%]
tests/domain/assessment/test_factories.py ..                             [ 23%]
tests/domain/assessment/test_state_transitions.py ....                   [ 23%]
tests/domain/assessment/test_value_objects.py .......                    [ 23%]
tests/domain/auth/test_architecture_purity.py ...........                [ 23%]
tests/domain/curriculum/test_edge_cases.py ...........................   [ 23%]
tests/domain/curriculum/test_entities.py ............................... [ 23%]
.                                                                        [ 23%]
tests/domain/curriculum/test_graph.py .................................  [ 23%]
tests/domain/curriculum/test_repository_and_independence.py ............ [ 23%]
...........................                                              [ 23%]
tests/domain/curriculum/test_services.py ...................             [ 23%]
tests/domain/curriculum_extraction/test_domain.py .......                [ 23%]
tests/domain/curriculum_ingestion/test_edge_cases.py ................... [ 23%]
........................................................................ [ 24%]
                                                                         [ 24%]
tests/domain/curriculum_ingestion/test_entities.py ..................... [ 24%]
......................................................                   [ 24%]
tests/domain/curriculum_ingestion/test_independence.py .....             [ 24%]
tests/domain/curriculum_ingestion/test_state_matrix.py ................. [ 24%]
........................................................................ [ 24%]
..........                                                               [ 24%]
tests/domain/curriculum_knowledge_graph/test_architecture_purity.py .... [ 24%]
....................                                                     [ 24%]
tests/domain/curriculum_knowledge_graph/test_entities_and_graph.py ..... [ 24%]
                                                                         [ 24%]
tests/domain/curriculum_knowledge_graph/test_orm_persistence.py .        [ 24%]
tests/domain/curriculum_knowledge_graph/test_stable_ids.py ......        [ 24%]
tests/domain/curriculum_management/test_edge_cases.py .................. [ 24%]
...................................................                      [ 24%]
tests/domain/curriculum_management/test_entities.py .................... [ 24%]
.......................................................                  [ 24%]
tests/domain/curriculum_management/test_independence.py ...              [ 24%]
tests/domain/curriculum_management/test_publication_matrix.py .......... [ 24%]
............................                                             [ 24%]
tests/domain/curriculum_publishing/test_invariants.py .....              [ 24%]
tests/domain/curriculum_studio/test_diff_version.py .................... [ 25%]
..........................                                               [ 25%]
tests/domain/curriculum_studio/test_entities.py ........................ [ 25%]
........................................................................ [ 25%]
.......................................                                  [ 25%]
tests/domain/curriculum_studio/test_independence.py ...........          [ 25%]
tests/domain/curriculum_studio/test_matrix.py .......................... [ 25%]
........................................................................ [ 25%]
........................................................................ [ 25%]
........................................................................ [ 25%]
........................................................................ [ 26%]
...................................................                      [ 26%]
tests/domain/curriculum_studio_foundation/test_lifecycle.py ...........  [ 26%]
tests/domain/daily_mission_intelligence/test_compose.py ........         [ 26%]
tests/domain/decision_journal/test_invariants.py .........               [ 26%]
tests/domain/education/decision/test_architecture_purity.py ............ [ 26%]
....................................................                     [ 26%]
tests/domain/education/decision/test_educational_decision.py ........... [ 26%]
...                                                                      [ 26%]
tests/domain/education/decision/test_entities.py ....................... [ 26%]
....                                                                     [ 26%]
tests/domain/education/decision/test_events.py ....                      [ 26%]
tests/domain/education/decision/test_invariants.py .............         [ 26%]
tests/domain/education/decision/test_policies.py ...........             [ 26%]
tests/domain/education/decision/test_specifications.py ...               [ 26%]
tests/domain/education/decision/test_value_objects.py ................   [ 26%]
tests/domain/education/decision/test_volume.py ......................... [ 26%]
........................................................................ [ 26%]
........................................................................ [ 26%]
........................................................................ [ 27%]
........................................................................ [ 27%]
........................................................................ [ 27%]
........................................................................ [ 27%]
........................................................................ [ 27%]
........................................................................ [ 27%]
........................................................................ [ 28%]
........................................................................ [ 28%]
........................................................................ [ 28%]
........................................................................ [ 28%]
........................................................................ [ 28%]
........................................................................ [ 28%]
........................................................................ [ 29%]
................................................................         [ 29%]
tests/domain/education/diagnosis/test_architecture_purity.py ........... [ 29%]
.....................................                                    [ 29%]
tests/domain/education/diagnosis/test_diagnosis.py ............          [ 29%]
tests/domain/education/diagnosis/test_entities.py ...................... [ 29%]
.................                                                        [ 29%]
tests/domain/education/diagnosis/test_events.py ....................     [ 29%]
tests/domain/education/diagnosis/test_invariants.py .................... [ 29%]
............                                                             [ 29%]
tests/domain/education/diagnosis/test_policies.py ...................... [ 29%]
..........                                                               [ 29%]
tests/domain/education/diagnosis/test_specifications.py ................ [ 29%]
....                                                                     [ 29%]
tests/domain/education/diagnosis/test_value_objects.py ................. [ 29%]
...........                                                              [ 29%]
tests/domain/education/diagnosis/test_volume.py ........................ [ 29%]
........................................................................ [ 29%]
........................................................................ [ 30%]
........................................................................ [ 30%]
........................................................................ [ 30%]
........................................................................ [ 30%]
................                                                         [ 30%]
tests/domain/education/digital_twin/test_architecture_purity.py ........ [ 30%]
........................................................................ [ 30%]
...................................................                      [ 30%]
tests/domain/education/digital_twin/test_educational_digital_twin.py ... [ 30%]
...........                                                              [ 30%]
tests/domain/education/digital_twin/test_entities.py ................... [ 30%]
...................                                                      [ 30%]
tests/domain/education/digital_twin/test_events.py ..................... [ 30%]
.................                                                        [ 31%]
tests/domain/education/digital_twin/test_invariants.py ...........       [ 31%]
tests/domain/education/digital_twin/test_policies.py .............       [ 31%]
tests/domain/education/digital_twin/test_specifications.py ............. [ 31%]
.......                                                                  [ 31%]
tests/domain/education/digital_twin/test_value_objects.py .............. [ 31%]
...............................                                          [ 31%]
tests/domain/education/digital_twin/test_volume.py ..................... [ 31%]
........................................................................ [ 31%]
........................................................................ [ 31%]
........................................................................ [ 31%]
........................................................................ [ 31%]
........................................................................ [ 32%]
........................................................................ [ 32%]
........................................................................ [ 32%]
........................................................................ [ 32%]
........................................................................ [ 32%]
........................................................................ [ 32%]
........................................................................ [ 32%]
........................................................................ [ 33%]
........................................................................ [ 33%]
........................................................................ [ 33%]
........................................................................ [ 33%]
........................................................................ [ 33%]
........................................................................ [ 33%]
........................................................................ [ 34%]
........................................................................ [ 34%]
........................................................................ [ 34%]
........................................................................ [ 34%]
........................................................................ [ 34%]
........................................................................ [ 34%]
........................................................................ [ 35%]
.........................................................                [ 35%]
tests/domain/education/educational_evidence/test_architecture_purity.py . [ 35%]
........................................................................ [ 35%]
........................................................................ [ 35%]
.........                                                                [ 35%]
tests/domain/education/educational_evidence/test_educational_evidence.py . [ 35%]
.........................................                                [ 35%]
tests/domain/education/educational_evidence/test_invariants.py ......... [ 35%]
.......                                                                  [ 35%]
tests/domain/education/educational_evidence/test_policies.py ........... [ 35%]
...........................................                              [ 35%]
tests/domain/education/educational_evidence/test_specifications.py ..... [ 35%]
..                                                                       [ 35%]
tests/domain/education/educational_evidence/test_value_objects.py ...... [ 35%]
........................................................................ [ 35%]
...                                                                      [ 35%]
tests/domain/education/evidence/test_architecture_purity.py ............ [ 35%]
.................................................                        [ 36%]
tests/domain/education/evidence/test_entities.py ....................... [ 36%]
.............                                                            [ 36%]
tests/domain/education/evidence/test_events.py ............              [ 36%]
tests/domain/education/evidence/test_evidence_record.py ................ [ 36%]
                                                                         [ 36%]
tests/domain/education/evidence/test_invariants.py .................     [ 36%]
tests/domain/education/evidence/test_policies.py ....................... [ 36%]
....                                                                     [ 36%]
tests/domain/education/evidence/test_specifications.py .........         [ 36%]
tests/domain/education/evidence/test_value_objects.py .................. [ 36%]
........................                                                 [ 36%]
tests/domain/education/evidence/test_volume.py ......................... [ 36%]
........................................................................ [ 36%]
........................................................................ [ 36%]
............................                                             [ 36%]
tests/domain/education/evidence_interpretation/test_architecture_purity.py . [ 36%]
...........................................                              [ 36%]
tests/domain/education/evidence_interpretation/test_entities.py ........ [ 36%]
......................................                                   [ 37%]
tests/domain/education/evidence_interpretation/test_events.py .......... [ 37%]
...                                                                      [ 37%]
tests/domain/education/evidence_interpretation/test_interpretation.py .. [ 37%]
...............                                                          [ 37%]
tests/domain/education/evidence_interpretation/test_invariants.py ...... [ 37%]
.............                                                            [ 37%]
tests/domain/education/evidence_interpretation/test_policies.py ........ [ 37%]
........                                                                 [ 37%]
tests/domain/education/evidence_interpretation/test_specifications.py .. [ 37%]
...........                                                              [ 37%]
tests/domain/education/evidence_interpretation/test_value_objects.py ... [ 37%]
................................                                         [ 37%]
tests/domain/education/evidence_interpretation/test_volume.py .......... [ 37%]
........................................................................ [ 37%]
........................................................................ [ 37%]
....................................................                     [ 37%]
tests/domain/education/foundation/test_architecture_purity.py .........  [ 37%]
tests/domain/education/foundation/test_base_and_result.py ............   [ 37%]
tests/domain/education/foundation/test_enums.py ............             [ 37%]
tests/domain/education/foundation/test_ids.py .......................... [ 37%]
........................................................................ [ 38%]
.......................                                                  [ 38%]
tests/domain/education/foundation/test_references.py ..........          [ 38%]
tests/domain/education/hypothesis/test_architecture_purity.py .......... [ 38%]
.........................................                                [ 38%]
tests/domain/education/hypothesis/test_entities.py .................     [ 38%]
tests/domain/education/hypothesis/test_events.py ...............         [ 38%]
tests/domain/education/hypothesis/test_hypothesis.py ................... [ 38%]
                                                                         [ 38%]
tests/domain/education/hypothesis/test_invariants.py ................    [ 38%]
tests/domain/education/hypothesis/test_policies.py ..................... [ 38%]
..........                                                               [ 38%]
tests/domain/education/hypothesis/test_specifications.py ..............  [ 38%]
tests/domain/education/hypothesis/test_value_objects.py ................ [ 38%]
.................                                                        [ 38%]
tests/domain/education/hypothesis/test_volume.py ....................... [ 38%]
........................................................................ [ 38%]
........................................................................ [ 38%]
........................................................................ [ 39%]
........................................................................ [ 39%]
........................................................................ [ 39%]
........................................................................ [ 39%]
............                                                             [ 39%]
tests/domain/education/knowledge_graph/test_architecture_purity.py ..... [ 39%]
........................................................................ [ 39%]
........................................................................ [ 39%]
.........................                                                [ 39%]
tests/domain/education/knowledge_graph/test_invariants.py ..........     [ 39%]
tests/domain/education/knowledge_graph/test_knowledge_graph.py ......... [ 39%]
....................................................................     [ 40%]
tests/domain/education/knowledge_graph/test_policies.py ................ [ 40%]
.........................                                                [ 40%]
tests/domain/education/knowledge_graph/test_specifications.py .......... [ 40%]
..........                                                               [ 40%]
tests/domain/education/knowledge_graph/test_value_objects.py ........... [ 40%]
........................................................................ [ 40%]
........                                                                 [ 40%]
tests/domain/education/learning_episode/test_architecture_purity.py .... [ 40%]
.................................................................        [ 40%]
tests/domain/education/learning_episode/test_atomicity.py .............. [ 40%]
.......                                                                  [ 40%]
tests/domain/education/learning_episode/test_entities.py ............... [ 40%]
..................................                                       [ 40%]
tests/domain/education/learning_episode/test_events.py ................. [ 40%]
                                                                         [ 40%]
tests/domain/education/learning_episode/test_invariants.py ............. [ 40%]
............                                                             [ 40%]
tests/domain/education/learning_episode/test_learning_episode.py ....... [ 40%]
...............................                                          [ 40%]
tests/domain/education/learning_episode/test_policies.py ............... [ 40%]
.............................                                            [ 41%]
tests/domain/education/learning_episode/test_sequencing.py ............  [ 41%]
tests/domain/education/learning_episode/test_specifications.py ......... [ 41%]
.......                                                                  [ 41%]
tests/domain/education/learning_episode/test_value_objects.py .......... [ 41%]
.................................                                        [ 41%]
tests/domain/education/mastery_estimation/test_aggregate.py ............ [ 41%]
............                                                             [ 41%]
tests/domain/education/mastery_estimation/test_architecture_purity.py .. [ 41%]
........................................................................ [ 41%]
........................................................................ [ 41%]
........................................................................ [ 41%]
.....................                                                    [ 41%]
tests/domain/education/mastery_estimation/test_assessment_snapshot.py .. [ 41%]
....                                                                     [ 41%]
tests/domain/education/mastery_estimation/test_coverage_edges.py ....... [ 41%]
.................................................                        [ 41%]
tests/domain/education/mastery_estimation/test_mastery_estimator.py .... [ 41%]
....................                                                     [ 41%]
tests/domain/education/mastery_estimation/test_policies.py ............. [ 41%]
...................................                                      [ 42%]
tests/domain/education/mastery_estimation/test_specifications.py ....... [ 42%]
.....                                                                    [ 42%]
tests/domain/education/mastery_estimation/test_value_objects.py ........ [ 42%]
...............................                                          [ 42%]
tests/domain/education/orchestrator/test_architecture_purity.py ........ [ 42%]
.........................................                                [ 42%]
tests/domain/education/orchestrator/test_educational_orchestrator.py ... [ 42%]
............                                                             [ 42%]
tests/domain/education/orchestrator/test_entities.py .............       [ 42%]
tests/domain/education/orchestrator/test_events.py .....                 [ 42%]
tests/domain/education/orchestrator/test_invariants.py ..........        [ 42%]
tests/domain/education/orchestrator/test_policies.py .......             [ 42%]
tests/domain/education/orchestrator/test_progress.py .......             [ 42%]
tests/domain/education/orchestrator/test_sequencing.py ..........        [ 42%]
tests/domain/education/orchestrator/test_specifications.py ...           [ 42%]
tests/domain/education/orchestrator/test_value_objects.py ........       [ 42%]
tests/domain/education/orchestrator/test_volume.py ..................... [ 42%]
........................................................................ [ 42%]
........................................................................ [ 42%]
........................................................................ [ 42%]
........................................................................ [ 43%]
........................................................................ [ 43%]
........................................................................ [ 43%]
........................................................................ [ 43%]
........................................................................ [ 43%]
........................................................................ [ 43%]
........................................................................ [ 44%]
........................................................................ [ 44%]
........................................................................ [ 44%]
........................................................................ [ 44%]
........................................................................ [ 44%]
........................................................................ [ 44%]
........................................................................ [ 44%]
........................................................................ [ 45%]
......................................................................   [ 45%]
tests/domain/education/priority/test_architecture_purity.py ............ [ 45%]
............................................                             [ 45%]
tests/domain/education/priority/test_entities.py ....................... [ 45%]
.............                                                            [ 45%]
tests/domain/education/priority/test_events.py .........                 [ 45%]
tests/domain/education/priority/test_invariants.py ...............       [ 45%]
tests/domain/education/priority/test_policies.py ....................... [ 45%]
....                                                                     [ 45%]
tests/domain/education/priority/test_priority.py ...................     [ 45%]
tests/domain/education/priority/test_specifications.py ........          [ 45%]
tests/domain/education/priority/test_value_objects.py .................. [ 45%]
...........                                                              [ 45%]
tests/domain/education/priority/test_volume.py ......................... [ 45%]
........................................................................ [ 45%]
........................................................................ [ 46%]
........................................................................ [ 46%]
........................................................................ [ 46%]
........................................................................ [ 46%]
........................................................................ [ 46%]
.....................................................                    [ 46%]
tests/domain/education/recommendation_engine/test_aggregate.py ......    [ 46%]
tests/domain/education/recommendation_engine/test_architecture_purity.py . [ 46%]
........................................................................ [ 47%]
........................................................................ [ 47%]
........................................................................ [ 47%]
......................                                                   [ 47%]
tests/domain/education/recommendation_engine/test_coverage_edges.py .... [ 47%]
..................                                                       [ 47%]
tests/domain/education/recommendation_engine/test_invariants.py ......   [ 47%]
tests/domain/education/recommendation_engine/test_policies.py .......... [ 47%]
......                                                                   [ 47%]
tests/domain/education/recommendation_engine/test_recommendation_engine.py . [ 47%]
...............                                                          [ 47%]
[...]
    db_curriculum = Curriculum.query.get(sp.curriculum_id)

tests/test_ux002a_data_lifecycle.py::TestUx002AStudyPlanDeleteLifecycle::test_delete_study_plan_with_research_feedback_succeeds
  /Users/kwalitec/Developer/kwalitec/tests/test_ux002a_data_lifecycle.py:99: LegacyAPIWarning: The Query.get() method is considered legacy as of the 1.x series of SQLAlchemy and becomes a legacy construct in 2.0. The method is now available as Session.get() (deprecated since: 2.0) (Background on SQLAlchemy 2.0 at: https://sqlalche.me/e/b8d9)
    assert StudyPlan.query.get(plan_id) is None

tests/test_ux002a_data_lifecycle.py::TestUx002AStudyPlanDeleteLifecycle::test_delete_route_returns_redirect_not_500
  /Users/kwalitec/Developer/kwalitec/tests/test_ux002a_data_lifecycle.py:115: LegacyAPIWarning: The Query.get() method is considered legacy as of the 1.x series of SQLAlchemy and becomes a legacy construct in 2.0. The method is now available as Session.get() (deprecated since: 2.0) (Background on SQLAlchemy 2.0 at: https://sqlalche.me/e/b8d9)
    assert StudyPlan.query.get(plan.id) is None

tests/test_v1sp001c_operational_health.py::TestNeedsAttentionRules::test_revision_without_sessions
  /Users/kwalitec/Developer/kwalitec/tests/test_v1sp001c_operational_health.py:183: DeprecationWarning: datetime.datetime.utcnow() is deprecated and scheduled for removal in a future version. Use timezone-aware objects to represent datetimes in UTC: datetime.datetime.now(datetime.UTC).
    revision_entered_at=datetime.utcnow() - timedelta(days=3),

tests/test_v1sp003_performance.py::TestQueryBudgets::test_revision_idle_is_single_query
  /Users/kwalitec/Developer/kwalitec/tests/test_v1sp003_performance.py:72: DeprecationWarning: datetime.datetime.utcnow() is deprecated and scheduled for removal in a future version. Use timezone-aware objects to represent datetimes in UTC: datetime.datetime.now(datetime.UTC).
    revision_entered_at=datetime.utcnow() - timedelta(days=3),

-- Docs: https://docs.pytest.org/en/stable/how-to/capture-warnings.html
=========================== short test summary info ============================
FAILED tests/application/adaptive_mission/test_adaptive_mission.py::test_mission_generation_consumes_twin_decisions
FAILED tests/application/adaptive_mission/test_adaptive_mission.py::test_prioritisation_is_deterministic
FAILED tests/application/adaptive_mission/test_adaptive_mission.py::test_prerequisite_recovery_steps_included
FAILED tests/application/adaptive_mission/test_adaptive_mission.py::test_validation_rejects_inconsistent_recommendation
FAILED tests/application/adaptive_mission/test_adaptive_mission.py::test_duplicate_active_prevention
FAILED tests/application/adaptive_mission/test_adaptive_mission.py::test_progress_tracking_and_completion
FAILED tests/application/adaptive_mission/test_adaptive_mission.py::test_persistence_roundtrip
FAILED tests/application/adaptive_mission/test_adaptive_mission.py::test_integration_with_learning_graph_and_reasoning
FAILED tests/application/adaptive_mission/test_adaptive_mission.py::test_founder_mission_endpoints
FAILED tests/application/assessment_pipeline/evidence_ingress/test_service.py::test_accept_maps_and_reasons_via_existing_pipeline
FAILED tests/application/assessment_pipeline/evidence_ingress/test_service.py::test_duplicate_bundle_rejected
FAILED tests/application/assessment_pipeline/evidence_ingress/test_service.py::test_student_reasoning_service_entry_point
FAILED tests/application/assessment_pipeline/evidence_ingress/test_service.py::test_regression_existing_reason_unchanged
FAILED tests/application/assessment_pipeline/test_assessment_pipeline.py::test_pipeline_updates_twin_via_reasoning
FAILED tests/application/assessment_pipeline/test_assessment_pipeline.py::test_mission_completion_produces_assessment_evidence
FAILED tests/application/assessment_pipeline/test_assessment_pipeline.py::test_mission_step_progress_emits_assessment
FAILED tests/application/assessment_pipeline/test_assessment_pipeline.py::test_no_duplicated_twin_state_in_assessment_tables
FAILED tests/application/assessment_pipeline/test_assessment_pipeline.py::test_founder_assessment_endpoints
FAILED tests/application/assessment_pipeline/test_assessment_pipeline.py::test_regression_ame_and_sdt_still_load
FAILED tests/application/curriculum_studio/test_independence.py::test_application_no_forbidden_imports
FAILED tests/application/curriculum_studio/test_independence.py::test_no_flask_sqlalchemy_in_application
FAILED tests/application/curriculum_studio/test_matrix.py::test_publication_checklist_matrix[255]
FAILED tests/application/curriculum_studio/test_pi002r_validation_wiring.py::test_regression_validation_requires_version
FAILED tests/application/curriculum_studio/test_regression.py::test_workspace_snapshot_mapping
FAILED tests/application/curriculum_studio/test_regression.py::test_publication_snapshot_mapping
FAILED tests/application/educational_experience/test_acceptance.py::test_home_and_journey_http_render_educational_fields
FAILED tests/application/educational_reasoning/test_educational_reasoning.py::test_student_reasoning_delegates_to_registry
FAILED tests/application/educational_reasoning/test_educational_reasoning.py::test_reasoning_history_immutable
FAILED tests/application/educational_reasoning/test_educational_reasoning.py::test_founder_reasoning_diagnostics
FAILED tests/application/educational_reasoning/test_educational_reasoning.py::test_cip003_retrieval_profile_regression
FAILED tests/application/educational_reasoning/test_educational_reasoning.py::test_educational_reasoning_service_pure_path
FAILED tests/application/intelligent_tutor/test_intelligent_tutor.py::test_tutor_context_construction
FAILED tests/application/intelligent_tutor/test_intelligent_tutor.py::test_evidence_assembly
FAILED tests/application/intelligent_tutor/test_intelligent_tutor.py::test_response_generation_deterministic
FAILED tests/application/intelligent_tutor/test_intelligent_tutor.py::test_deterministic_placeholder_generation
FAILED tests/application/intelligent_tutor/test_intelligent_tutor.py::test_integration_with_student_digital_twin
FAILED tests/application/intelligent_tutor/test_intelligent_tutor.py::test_integration_with_educational_reasoning
FAILED tests/application/intelligent_tutor/test_intelligent_tutor.py::test_integration_with_curriculum_retrieval
FAILED tests/application/intelligent_tutor/test_intelligent_tutor.py::test_regression_ame001_and_ap001
FAILED tests/application/intelligent_tutor/test_intelligent_tutor.py::test_tutor_does_not_invent_reasoning
FAILED tests/application/intelligent_tutor/test_intelligent_tutor.py::test_founder_tutor_diagnostics
FAILED tests/application/learning_graph/test_learning_graph.py::test_reasoning_pipeline_syncs_graph
FAILED tests/application/learning_graph/test_learning_graph.py::test_sdt001_sdt002_regression_with_graph
FAILED tests/application/reasoning/test_service.py::test_existing_reason_path_unaffected
FAILED tests/application/reasoning/test_twin_integration.py::test_existing_reason_path_regression
FAILED tests/application/runtime_integration/test_ri002_verification.py::test_student_surfaces_route_through_runtime_integration_service
FAILED tests/application/session_experience/test_services.py::test_reflection_summary_complete_flow
FAILED tests/application/session_experience/test_services.py::test_end_to_end_session_lifecycle
FAILED tests/application/student_digital_twin/test_student_digital_twin.py::test_mastery_and_learning_state_updates
FAILED tests/application/student_digital_twin/test_student_digital_twin.py::test_recommendation_and_prediction_scaffolding
FAILED tests/application/student_digital_twin/test_student_digital_twin.py::test_persistence_round_trip
FAILED tests/application/student_digital_twin/test_student_digital_twin.py::test_curriculum_retrieval_integration_contract
FAILED tests/application/student_digital_twin/test_student_digital_twin.py::test_founder_diagnostics_endpoints
FAILED tests/application/student_digital_twin/test_student_digital_twin.py::test_observations_never_overwritten_on_reasoning
FAILED tests/application/student_experience/test_independence.py::test_application_no_forbidden_imports
FAILED tests/application/unified_journey/test_session_outcome.py::test_assemble_session_outcome_after_complete
FAILED tests/certification/test_pr001b_student_pilot.py::TestFirstDayExperience::test_home_shows_mission_and_clarity
FAILED tests/certification/test_pr001b_student_pilot.py::TestFirstDayExperience::test_complete_mission_updates_progress
FAILED tests/certification/test_pr001b_student_pilot.py::TestInterruptedAndMissedDay::test_interrupted_session_keeps_same_mission
FAILED tests/certification/test_pr001b_student_pilot.py::TestConsecutiveSessionsAndMultipleMissions::test_next_day_advances_after_completion
FAILED tests/certification/test_pr001b_student_pilot.py::TestConsecutiveSessionsAndMultipleMissions::test_multiple_missions_across_days
FAILED tests/certification/test_pr001b_student_pilot.py::TestEducationalClarityAnswers::test_four_clarity_questions
FAILED tests/certification/test_pr001b_student_pilot.py::TestOperationalRecovery::test_duplicate_complete_is_recoverable
FAILED tests/certification/test_pr001b_student_pilot.py::TestOperationalRecovery::test_journey_shows_advancement_after_complete
FAILED tests/domain/session_experience/test_entities.py::test_completion_readiness_label
FAILED tests/domain/session_experience/test_volume.py::test_completion_delta_labels[0.05-improved]
FAILED tests/domain/session_experience/test_volume.py::test_completion_delta_labels[-0.05-dipped]
FAILED tests/domain/session_experience/test_volume.py::test_completion_delta_labels[0.021-improved]
FAILED tests/domain/session_experience/test_volume.py::test_completion_delta_labels[-0.021-dipped]
FAILED tests/education_os/adapters/flask/rendering/test_regression_snapshots.py::test_snapshot_page_header
FAILED tests/education_os/adapters/flask/rendering/test_regression_snapshots.py::test_snapshot_mission_card
FAILED tests/education_os/adapters/flask/rendering/test_regression_snapshots.py::test_snapshot_section
FAILED tests/education_os/adapters/flask/rendering/test_regression_snapshots.py::test_snapshot_badge
FAILED tests/education_os/adapters/flask/rendering/test_regression_snapshots.py::test_snapshot_timeline
FAILED tests/education_os/adapters/flask/rendering/test_regression_snapshots.py::test_snapshot_buttons
FAILED tests/education_os/adapters/flask/rendering/test_regression_snapshots.py::test_snapshot_achievement_and_statistic
FAILED tests/education_os/adapters/flask/rendering/test_regression_snapshots.py::test_snapshot_token_style_tag
FAILED tests/education_os/adapters/flask/rendering/test_token_rendering.py::test_style_renderer_maps_contract_to_css_vars
FAILED tests/education_os/adapters/flask/test_page_snapshots.py::test_page_regression_snapshots[/eos/dashboard/?student_id=student-ada-dashboard.html]
FAILED tests/education_os/adapters/flask/test_page_snapshots.py::test_page_regression_snapshots[/eos/mission/?student_id=student-ada-mission.html]
FAILED tests/education_os/adapters/flask/test_page_snapshots.py::test_page_regression_snapshots[/eos/session/?student_id=student-ada&session_id=snap-1-session.html]
FAILED tests/education_os/adapters/flask/test_page_snapshots.py::test_page_regression_snapshots[/eos/reflection/?student_id=student-ada&session_id=snap-1-reflection.html]
FAILED tests/infrastructure/authority/test_authority.py::test_adapters_do_not_import_flask_into_application_ports
FAILED tests/infrastructure/session/test_adapters.py::test_runtime_delegates_to_engine[sess-L0]
FAILED tests/infrastructure/session/test_adapters.py::test_runtime_delegates_to_engine[sess-L1]
FAILED tests/infrastructure/session/test_adapters.py::test_runtime_delegates_to_engine[sess-L2]
FAILED tests/infrastructure/session/test_adapters.py::test_runtime_delegates_to_engine[sess-L3]
FAILED tests/infrastructure/session/test_integration.py::test_facade_submit_advance_to_reflection[sess-L0]
FAILED tests/infrastructure/session/test_integration.py::test_facade_submit_advance_to_reflection[sess-L1]
FAILED tests/infrastructure/session/test_integration.py::test_facade_submit_advance_to_reflection[sess-L2]
FAILED tests/infrastructure/session/test_volume_matrix.py::test_composition_op_grid[complete-sess-L0]
FAILED tests/infrastructure/session/test_volume_matrix.py::test_composition_op_grid[complete-sess-L1]
FAILED tests/infrastructure/session/test_volume_matrix.py::test_composition_op_grid[complete-sess-L2]
FAILED tests/infrastructure/session/test_volume_matrix.py::test_composition_op_grid[complete-sess-L3]
FAILED tests/infrastructure/session/test_volume_matrix.py::test_composition_op_grid[complete-sess-L4]
FAILED tests/infrastructure/test_independence.py::test_application_does_not_import_infrastructure
FAILED tests/presentation/session/test_accessibility.py::test_disclosures_use_details
FAILED tests/presentation/session/test_commitment_completion_link.py::test_v2_session_finish_marks_commitment_completed
FAILED tests/presentation/session/test_commitment_completion_link.py::test_v2_session_finish_fails_open_without_commitment
FAILED tests/presentation/session/test_regression.py::test_full_http_session_flow
FAILED tests/presentation/session/test_routes.py::test_finish_returns_home - ...
FAILED tests/presentation/session/test_templates.py::test_presentation_does_not_import_engines
FAILED tests/presentation/student/test_cq004_session_substance.py::test_completion_vm_headline_uses_topic
FAILED tests/presentation/student/test_cq005_guidance_trust.py::test_home_canonicalises_why_label_and_resume_reconnection
FAILED tests/presentation/student/test_educational_timeline.py::TestEducationalTimelineRoute::test_history_links_to_timeline
FAILED tests/presentation/student/test_recommendation_trust_contract.py::test_tr_a01_schema_complete_home_binds_trust_mes_fields
FAILED tests/presentation/student/test_responsive.py::test_pages_use_student_shell_classes[student.home-/student/]
FAILED tests/presentation/student/test_responsive.py::test_pages_use_student_shell_classes[student.profile-/student/profile]
FAILED tests/presentation/test_product_language_matrix.py::test_founder_ctas_documented[Generate preview]
FAILED tests/presentation/workflows/test_workflow_session_resume.py::test_resume_then_complete
FAILED tests/presentation/workflows/test_workflow_volume_matrix.py::test_page_meta_step_counts[overview]
FAILED tests/presentation/workflows/test_workflow_volume_matrix.py::test_page_meta_step_counts[activity]
FAILED tests/presentation/workflows/test_workflow_volume_matrix.py::test_page_meta_step_counts[reflection]
FAILED tests/presentation/workflows/test_workflow_volume_matrix.py::test_page_meta_step_counts[summary]
FAILED tests/presentation/workflows/test_workflow_volume_matrix.py::test_page_meta_step_counts[complete]
FAILED tests/test_alpha_001_infrastructure.py::TestAlphaOnboarding::test_onboarding_page_explains_core_concepts
FAILED tests/test_alpha_001_infrastructure.py::TestPresentationTelemetry::test_allowed_events_match_alpha_contract
FAILED tests/test_bi001_brand_identity.py::TestBrandThemeTokens::test_app_css_uses_official_primary_and_gold
FAILED tests/test_bi001_brand_identity.py::TestStudentShellBrandChrome::test_eos_shell_active_nav_uses_brand_tokens
FAILED tests/test_dx006b_study_session.py::test_overview_page_has_start_primary
FAILED tests/test_dx006b_study_session.py::test_reflection_and_complete_primaries
FAILED tests/test_dx006b_study_session.py::test_overview_template_structure
FAILED tests/test_eip006_version1_educational_state_refinement.py::TestNegativeNoUnsupportedMasteryClaims::test_coverage_completion_does_not_mint_estimated_knowledge
FAILED tests/test_eip006_version1_educational_state_refinement.py::TestPositiveVersion1EducationalStates::test_evidence_gates_estimated_knowledge_alias
FAILED tests/test_ev001b_evidence_gate.py::TestAcceptanceGEvidence::test_mark_complete_blocked_when_gate_on
FAILED tests/test_iahf004a_brand_infrastructure.py::TestBrandTemplateWiring::test_brand_meta_partial_standardises_identity
FAILED tests/test_iahf005_static_asset_versioning.py::TestTemplateVersionedStaticWiring::test_brand_meta_still_references_canonical_assets
FAILED tests/test_kwp011_educational_memory.py::TestProductSurfaces::test_history_bridge_to_journey
FAILED tests/test_lxp003_session_product.py::TestPersistenceAndRecovery::test_silent_complete_rejected_when_required
FAILED tests/test_lxp003_session_product.py::TestAcceptanceHttp::test_pause_resume_finish_review_flow
FAILED tests/test_lxp003_session_product.py::TestAcceptanceHttp::test_flag_off_allows_complete_without_review
FAILED tests/test_lxp004a_session_substance.py::TestRuntimeSubstanceProjection::test_overview_and_reflection_when_substance_on
FAILED tests/test_rip001_daily_checkin.py::TestCheckinHttpFlow::test_sidebar_share_feedback_link
FAILED tests/test_rip004_research_insight_engine.py::TestInsightEngineHttp::test_dashboard_shows_insight_panels
FAILED tests/test_routes.py::TestDashboardRoute::test_dashboard_unsupported_exam_no_error
FAILED tests/test_time_engine.py::TestCalculateTimeSummary::test_returns_none_when_no_curriculum_id
FAILED tests/test_time_engine.py::TestCalculateTimeSummary::test_returns_none_when_no_curriculum_version
FAILED tests/test_time_engine.py::TestCalculateTimeSummary::test_returns_none_when_curriculum_not_loadable
FAILED tests/test_time_engine.py::TestCalculateTimeSummary::test_returns_none_when_exam_name_unparseable
FAILED tests/test_time_engine.py::TestCalculateTimeSummary::test_no_completed_topics_all_hours_remaining
FAILED tests/test_time_engine.py::TestCalculateTimeSummary::test_some_completed_topics
FAILED tests/test_time_engine.py::TestCalculateTimeSummary::test_all_topics_completed
FAILED tests/test_time_engine.py::TestCalculateTimeSummary::test_available_study_hours_calculation
FAILED tests/test_time_engine.py::TestCalculateTimeSummary::test_available_study_hours_weighted_average
FAILED tests/test_time_engine.py::TestCalculateTimeSummary::test_exam_in_past_available_hours_zero
FAILED tests/test_time_engine.py::TestCalculateTimeSummary::test_exam_today_available_hours_zero
FAILED tests/test_time_engine.py::TestCalculateTimeSummary::test_surplus_when_available_exceeds_remaining
FAILED tests/test_time_engine.py::TestCalculateTimeSummary::test_deficit_when_remaining_exceeds_available
FAILED tests/test_time_engine.py::TestCalculateTimeSummary::test_deterministic_same_input_same_output
FAILED tests/test_time_engine.py::TestCalculateTimeSummary::test_handles_datetime_exam_date
FAILED tests/test_time_engine.py::TestCalculateTimeSummary::test_different_user_sees_only_their_progress
FAILED tests/test_time_engine.py::TestCalculateTimeSummary::test_values_are_rounded_to_two_decimals
FAILED tests/test_time_engine.py::TestCalculateTimeSummary::test_result_is_time_summary_type
FAILED tests/test_v1s002_curriculum_authority_cutover.py::test_v1_readiness_snapshot_includes_ownership_sections
FAILED tests/test_v1s003_repository_health.py::test_v1_readiness_snapshot_includes_repository_health
FAILED tests/test_v1s004_dogfood_validation.py::test_v1_readiness_snapshot_includes_dogfood_sections
FAILED tests/test_v1sp001c_operational_health.py::TestOperationalHealthPermissions::test_nav_includes_operational_health
FAILED tests/test_v1sp001e_information_architecture.py::TestV1sp001eProgressiveDisclosure::test_dashboard_uses_help_patterns
FAILED tests/test_v1sp003_performance.py::TestStaticAssetsOptimised::test_first_party_css_js_under_budget
=== 159 failed, 45654 passed, 9 skipped, 67576 warnings in 321.67s (0:05:21) ===
